Raw Filename|Renamed Filename
C:\FIS\demo_dataset\01-images_exported\demoplate_01/demoplate_01_s01t1.tif|C:\FIS\demo_dataset\03-images_renamed/demoplate_01/W0001--fsk--0.008/P001--fsk--0.008/demoplate_01--fsk--0.008--W0001--P001--T0000--C00.tif
C:\FIS\demo_dataset\01-images_exported\demoplate_01/demoplate_01_s01t2.tif|C:\FIS\demo_dataset\03-images_renamed/demoplate_01/W0001--fsk--0.008/P001--fsk--0.008/demoplate_01--fsk--0.008--W0001--P001--T0001--C00.tif
C:\FIS\demo_dataset\01-images_exported\demoplate_01/demoplate_01_s01t3.tif|C:\FIS\demo_dataset\03-images_renamed/demoplate_01/W0001--fsk--0.008/P001--fsk--0.008/demoplate_01--fsk--0.008--W0001--P001--T0002--C00.tif
C:\FIS\demo_dataset\01-images_exported\demoplate_01/demoplate_01_s01t4.tif|C:\FIS\demo_dataset\03-images_renamed/demoplate_01/W0001--fsk--0.008/P001--fsk--0.008/demoplate_01--fsk--0.008--W0001--P001--T0003--C00.tif
C:\FIS\demo_dataset\01-images_exported\demoplate_01/demoplate_01_s01t5.tif|C:\FIS\demo_dataset\03-images_renamed/demoplate_01/W0001--fsk--0.008/P001--fsk--0.008/demoplate_01--fsk--0.008--W0001--P001--T0004--C00.tif
C:\FIS\demo_dataset\01-images_exported\demoplate_01/demoplate_01_s01t6.tif|C:\FIS\demo_dataset\03-images_renamed/demoplate_01/W0001--fsk--0.008/P001--fsk--0.008/demoplate_01--fsk--0.008--W0001--P001--T0005--C00.tif
C:\FIS\demo_dataset\01-images_exported\demoplate_01/demoplate_01_s01t7.tif|C:\FIS\demo_dataset\03-images_renamed/demoplate_01/W0001--fsk--0.008/P001--fsk--0.008/demoplate_01--fsk--0.008--W0001--P001--T0006--C00.tif
C:\FIS\demo_dataset\01-images_exported\demoplate_01/demoplate_01_s02t1.tif|C:\FIS\demo_dataset\03-images_renamed/demoplate_01/W0013--fsk--0.008/P001--fsk--0.008/demoplate_01--fsk--0.008--W0013--P001--T0000--C00.tif
C:\FIS\demo_dataset\01-images_exported\demoplate_01/demoplate_01_s02t2.tif|C:\FIS\demo_dataset\03-images_renamed/demoplate_01/W0013--fsk--0.008/P001--fsk--0.008/demoplate_01--fsk--0.008--W0013--P001--T0001--C00.tif
C:\FIS\demo_dataset\01-images_exported\demoplate_01/demoplate_01_s02t3.tif|C:\FIS\demo_dataset\03-images_renamed/demoplate_01/W0013--fsk--0.008/P001--fsk--0.008/demoplate_01--fsk--0.008--W0013--P001--T0002--C00.tif
C:\FIS\demo_dataset\01-images_exported\demoplate_01/demoplate_01_s02t4.tif|C:\FIS\demo_dataset\03-images_renamed/demoplate_01/W0013--fsk--0.008/P001--fsk--0.008/demoplate_01--fsk--0.008--W0013--P001--T0003--C00.tif
C:\FIS\demo_dataset\01-images_exported\demoplate_01/demoplate_01_s02t5.tif|C:\FIS\demo_dataset\03-images_renamed/demoplate_01/W0013--fsk--0.008/P001--fsk--0.008/demoplate_01--fsk--0.008--W0013--P001--T0004--C00.tif
C:\FIS\demo_dataset\01-images_exported\demoplate_01/demoplate_01_s02t6.tif|C:\FIS\demo_dataset\03-images_renamed/demoplate_01/W0013--fsk--0.008/P001--fsk--0.008/demoplate_01--fsk--0.008--W0013--P001--T0005--C00.tif
C:\FIS\demo_dataset\01-images_exported\demoplate_01/demoplate_01_s02t7.tif|C:\FIS\demo_dataset\03-images_renamed/demoplate_01/W0013--fsk--0.008/P001--fsk--0.008/demoplate_01--fsk--0.008--W0013--P001--T0006--C00.tif
C:\FIS\demo_dataset\01-images_exported\demoplate_01/demoplate_01_s03t1.tif|C:\FIS\demo_dataset\03-images_renamed/demoplate_01/W0025--fsk--0.02/P001--fsk--0.02/demoplate_01--fsk--0.02--W0025--P001--T0000--C00.tif
C:\FIS\demo_dataset\01-images_exported\demoplate_01/demoplate_01_s03t2.tif|C:\FIS\demo_dataset\03-images_renamed/demoplate_01/W0025--fsk--0.02/P001--fsk--0.02/demoplate_01--fsk--0.02--W0025--P001--T0001--C00.tif
C:\FIS\demo_dataset\01-images_exported\demoplate_01/demoplate_01_s03t3.tif|C:\FIS\demo_dataset\03-images_renamed/demoplate_01/W0025--fsk--0.02/P001--fsk--0.02/demoplate_01--fsk--0.02--W0025--P001--T0002--C00.tif
C:\FIS\demo_dataset\01-images_exported\demoplate_01/demoplate_01_s03t4.tif|C:\FIS\demo_dataset\03-images_renamed/demoplate_01/W0025--fsk--0.02/P001--fsk--0.02/demoplate_01--fsk--0.02--W0025--P001--T0003--C00.tif
C:\FIS\demo_dataset\01-images_exported\demoplate_01/demoplate_01_s03t5.tif|C:\FIS\demo_dataset\03-images_renamed/demoplate_01/W0025--fsk--0.02/P001--fsk--0.02/demoplate_01--fsk--0.02--W0025--P001--T0004--C00.tif
C:\FIS\demo_dataset\01-images_exported\demoplate_01/demoplate_01_s03t6.tif|C:\FIS\demo_dataset\03-images_renamed/demoplate_01/W0025--fsk--0.02/P001--fsk--0.02/demoplate_01--fsk--0.02--W0025--P001--T0005--C00.tif
C:\FIS\demo_dataset\01-images_exported\demoplate_01/demoplate_01_s03t7.tif|C:\FIS\demo_dataset\03-images_renamed/demoplate_01/W0025--fsk--0.02/P001--fsk--0.02/demoplate_01--fsk--0.02--W0025--P001--T0006--C00.tif
C:\FIS\demo_dataset\01-images_exported\demoplate_01/demoplate_01_s04t1.tif|C:\FIS\demo_dataset\03-images_renamed/demoplate_01/W0037--fsk--0.02/P001--fsk--0.02/demoplate_01--fsk--0.02--W0037--P001--T0000--C00.tif
C:\FIS\demo_dataset\01-images_exported\demoplate_01/demoplate_01_s04t2.tif|C:\FIS\demo_dataset\03-images_renamed/demoplate_01/W0037--fsk--0.02/P001--fsk--0.02/demoplate_01--fsk--0.02--W0037--P001--T0001--C00.tif
C:\FIS\demo_dataset\01-images_exported\demoplate_01/demoplate_01_s04t3.tif|C:\FIS\demo_dataset\03-images_renamed/demoplate_01/W0037--fsk--0.02/P001--fsk--0.02/demoplate_01--fsk--0.02--W0037--P001--T0002--C00.tif
C:\FIS\demo_dataset\01-images_exported\demoplate_01/demoplate_01_s04t4.tif|C:\FIS\demo_dataset\03-images_renamed/demoplate_01/W0037--fsk--0.02/P001--fsk--0.02/demoplate_01--fsk--0.02--W0037--P001--T0003--C00.tif
C:\FIS\demo_dataset\01-images_exported\demoplate_01/demoplate_01_s04t5.tif|C:\FIS\demo_dataset\03-images_renamed/demoplate_01/W0037--fsk--0.02/P001--fsk--0.02/demoplate_01--fsk--0.02--W0037--P001--T0004--C00.tif
C:\FIS\demo_dataset\01-images_exported\demoplate_01/demoplate_01_s04t6.tif|C:\FIS\demo_dataset\03-images_renamed/demoplate_01/W0037--fsk--0.02/P001--fsk--0.02/demoplate_01--fsk--0.02--W0037--P001--T0005--C00.tif
C:\FIS\demo_dataset\01-images_exported\demoplate_01/demoplate_01_s04t7.tif|C:\FIS\demo_dataset\03-images_renamed/demoplate_01/W0037--fsk--0.02/P001--fsk--0.02/demoplate_01--fsk--0.02--W0037--P001--T0006--C00.tif
C:\FIS\demo_dataset\01-images_exported\demoplate_01/demoplate_01_s05t1.tif|C:\FIS\demo_dataset\03-images_renamed/demoplate_01/W0049--fsk--0.05/P001--fsk--0.05/demoplate_01--fsk--0.05--W0049--P001--T0000--C00.tif
C:\FIS\demo_dataset\01-images_exported\demoplate_01/demoplate_01_s05t2.tif|C:\FIS\demo_dataset\03-images_renamed/demoplate_01/W0049--fsk--0.05/P001--fsk--0.05/demoplate_01--fsk--0.05--W0049--P001--T0001--C00.tif
C:\FIS\demo_dataset\01-images_exported\demoplate_01/demoplate_01_s05t3.tif|C:\FIS\demo_dataset\03-images_renamed/demoplate_01/W0049--fsk--0.05/P001--fsk--0.05/demoplate_01--fsk--0.05--W0049--P001--T0002--C00.tif
C:\FIS\demo_dataset\01-images_exported\demoplate_01/demoplate_01_s05t4.tif|C:\FIS\demo_dataset\03-images_renamed/demoplate_01/W0049--fsk--0.05/P001--fsk--0.05/demoplate_01--fsk--0.05--W0049--P001--T0003--C00.tif
C:\FIS\demo_dataset\01-images_exported\demoplate_01/demoplate_01_s05t5.tif|C:\FIS\demo_dataset\03-images_renamed/demoplate_01/W0049--fsk--0.05/P001--fsk--0.05/demoplate_01--fsk--0.05--W0049--P001--T0004--C00.tif
C:\FIS\demo_dataset\01-images_exported\demoplate_01/demoplate_01_s05t6.tif|C:\FIS\demo_dataset\03-images_renamed/demoplate_01/W0049--fsk--0.05/P001--fsk--0.05/demoplate_01--fsk--0.05--W0049--P001--T0005--C00.tif
C:\FIS\demo_dataset\01-images_exported\demoplate_01/demoplate_01_s05t7.tif|C:\FIS\demo_dataset\03-images_renamed/demoplate_01/W0049--fsk--0.05/P001--fsk--0.05/demoplate_01--fsk--0.05--W0049--P001--T0006--C00.tif
C:\FIS\demo_dataset\01-images_exported\demoplate_01/demoplate_01_s06t1.tif|C:\FIS\demo_dataset\03-images_renamed/demoplate_01/W0061--fsk--0.05/P001--fsk--0.05/demoplate_01--fsk--0.05--W0061--P001--T0000--C00.tif
C:\FIS\demo_dataset\01-images_exported\demoplate_01/demoplate_01_s06t2.tif|C:\FIS\demo_dataset\03-images_renamed/demoplate_01/W0061--fsk--0.05/P001--fsk--0.05/demoplate_01--fsk--0.05--W0061--P001--T0001--C00.tif
C:\FIS\demo_dataset\01-images_exported\demoplate_01/demoplate_01_s06t3.tif|C:\FIS\demo_dataset\03-images_renamed/demoplate_01/W0061--fsk--0.05/P001--fsk--0.05/demoplate_01--fsk--0.05--W0061--P001--T0002--C00.tif
C:\FIS\demo_dataset\01-images_exported\demoplate_01/demoplate_01_s06t4.tif|C:\FIS\demo_dataset\03-images_renamed/demoplate_01/W0061--fsk--0.05/P001--fsk--0.05/demoplate_01--fsk--0.05--W0061--P001--T0003--C00.tif
C:\FIS\demo_dataset\01-images_exported\demoplate_01/demoplate_01_s06t5.tif|C:\FIS\demo_dataset\03-images_renamed/demoplate_01/W0061--fsk--0.05/P001--fsk--0.05/demoplate_01--fsk--0.05--W0061--P001--T0004--C00.tif
C:\FIS\demo_dataset\01-images_exported\demoplate_01/demoplate_01_s06t6.tif|C:\FIS\demo_dataset\03-images_renamed/demoplate_01/W0061--fsk--0.05/P001--fsk--0.05/demoplate_01--fsk--0.05--W0061--P001--T0005--C00.tif
C:\FIS\demo_dataset\01-images_exported\demoplate_01/demoplate_01_s06t7.tif|C:\FIS\demo_dataset\03-images_renamed/demoplate_01/W0061--fsk--0.05/P001--fsk--0.05/demoplate_01--fsk--0.05--W0061--P001--T0006--C00.tif
C:\FIS\demo_dataset\01-images_exported\demoplate_01/demoplate_01_s07t1.tif|C:\FIS\demo_dataset\03-images_renamed/demoplate_01/W0073--fsk--0.128/P001--fsk--0.128/demoplate_01--fsk--0.128--W0073--P001--T0000--C00.tif
C:\FIS\demo_dataset\01-images_exported\demoplate_01/demoplate_01_s07t2.tif|C:\FIS\demo_dataset\03-images_renamed/demoplate_01/W0073--fsk--0.128/P001--fsk--0.128/demoplate_01--fsk--0.128--W0073--P001--T0001--C00.tif
C:\FIS\demo_dataset\01-images_exported\demoplate_01/demoplate_01_s07t3.tif|C:\FIS\demo_dataset\03-images_renamed/demoplate_01/W0073--fsk--0.128/P001--fsk--0.128/demoplate_01--fsk--0.128--W0073--P001--T0002--C00.tif
C:\FIS\demo_dataset\01-images_exported\demoplate_01/demoplate_01_s07t4.tif|C:\FIS\demo_dataset\03-images_renamed/demoplate_01/W0073--fsk--0.128/P001--fsk--0.128/demoplate_01--fsk--0.128--W0073--P001--T0003--C00.tif
C:\FIS\demo_dataset\01-images_exported\demoplate_01/demoplate_01_s07t5.tif|C:\FIS\demo_dataset\03-images_renamed/demoplate_01/W0073--fsk--0.128/P001--fsk--0.128/demoplate_01--fsk--0.128--W0073--P001--T0004--C00.tif
C:\FIS\demo_dataset\01-images_exported\demoplate_01/demoplate_01_s07t6.tif|C:\FIS\demo_dataset\03-images_renamed/demoplate_01/W0073--fsk--0.128/P001--fsk--0.128/demoplate_01--fsk--0.128--W0073--P001--T0005--C00.tif
C:\FIS\demo_dataset\01-images_exported\demoplate_01/demoplate_01_s07t7.tif|C:\FIS\demo_dataset\03-images_renamed/demoplate_01/W0073--fsk--0.128/P001--fsk--0.128/demoplate_01--fsk--0.128--W0073--P001--T0006--C00.tif
C:\FIS\demo_dataset\01-images_exported\demoplate_01/demoplate_01_s08t1.tif|C:\FIS\demo_dataset\03-images_renamed/demoplate_01/W0085--fsk--0.128/P001--fsk--0.128/demoplate_01--fsk--0.128--W0085--P001--T0000--C00.tif
C:\FIS\demo_dataset\01-images_exported\demoplate_01/demoplate_01_s08t2.tif|C:\FIS\demo_dataset\03-images_renamed/demoplate_01/W0085--fsk--0.128/P001--fsk--0.128/demoplate_01--fsk--0.128--W0085--P001--T0001--C00.tif
C:\FIS\demo_dataset\01-images_exported\demoplate_01/demoplate_01_s08t3.tif|C:\FIS\demo_dataset\03-images_renamed/demoplate_01/W0085--fsk--0.128/P001--fsk--0.128/demoplate_01--fsk--0.128--W0085--P001--T0002--C00.tif
C:\FIS\demo_dataset\01-images_exported\demoplate_01/demoplate_01_s08t4.tif|C:\FIS\demo_dataset\03-images_renamed/demoplate_01/W0085--fsk--0.128/P001--fsk--0.128/demoplate_01--fsk--0.128--W0085--P001--T0003--C00.tif
C:\FIS\demo_dataset\01-images_exported\demoplate_01/demoplate_01_s08t5.tif|C:\FIS\demo_dataset\03-images_renamed/demoplate_01/W0085--fsk--0.128/P001--fsk--0.128/demoplate_01--fsk--0.128--W0085--P001--T0004--C00.tif
C:\FIS\demo_dataset\01-images_exported\demoplate_01/demoplate_01_s08t6.tif|C:\FIS\demo_dataset\03-images_renamed/demoplate_01/W0085--fsk--0.128/P001--fsk--0.128/demoplate_01--fsk--0.128--W0085--P001--T0005--C00.tif
C:\FIS\demo_dataset\01-images_exported\demoplate_01/demoplate_01_s08t7.tif|C:\FIS\demo_dataset\03-images_renamed/demoplate_01/W0085--fsk--0.128/P001--fsk--0.128/demoplate_01--fsk--0.128--W0085--P001--T0006--C00.tif
C:\FIS\demo_dataset\01-images_exported\demoplate_01/demoplate_01_s09t1.tif|C:\FIS\demo_dataset\03-images_renamed/demoplate_01/W0086--fsk--0.32/P001--fsk--0.32/demoplate_01--fsk--0.32--W0086--P001--T0000--C00.tif
C:\FIS\demo_dataset\01-images_exported\demoplate_01/demoplate_01_s09t2.tif|C:\FIS\demo_dataset\03-images_renamed/demoplate_01/W0086--fsk--0.32/P001--fsk--0.32/demoplate_01--fsk--0.32--W0086--P001--T0001--C00.tif
C:\FIS\demo_dataset\01-images_exported\demoplate_01/demoplate_01_s09t3.tif|C:\FIS\demo_dataset\03-images_renamed/demoplate_01/W0086--fsk--0.32/P001--fsk--0.32/demoplate_01--fsk--0.32--W0086--P001--T0002--C00.tif
C:\FIS\demo_dataset\01-images_exported\demoplate_01/demoplate_01_s09t4.tif|C:\FIS\demo_dataset\03-images_renamed/demoplate_01/W0086--fsk--0.32/P001--fsk--0.32/demoplate_01--fsk--0.32--W0086--P001--T0003--C00.tif
C:\FIS\demo_dataset\01-images_exported\demoplate_01/demoplate_01_s09t5.tif|C:\FIS\demo_dataset\03-images_renamed/demoplate_01/W0086--fsk--0.32/P001--fsk--0.32/demoplate_01--fsk--0.32--W0086--P001--T0004--C00.tif
C:\FIS\demo_dataset\01-images_exported\demoplate_01/demoplate_01_s09t6.tif|C:\FIS\demo_dataset\03-images_renamed/demoplate_01/W0086--fsk--0.32/P001--fsk--0.32/demoplate_01--fsk--0.32--W0086--P001--T0005--C00.tif
C:\FIS\demo_dataset\01-images_exported\demoplate_01/demoplate_01_s09t7.tif|C:\FIS\demo_dataset\03-images_renamed/demoplate_01/W0086--fsk--0.32/P001--fsk--0.32/demoplate_01--fsk--0.32--W0086--P001--T0006--C00.tif
C:\FIS\demo_dataset\01-images_exported\demoplate_01/demoplate_01_s10t1.tif|C:\FIS\demo_dataset\03-images_renamed/demoplate_01/W0074--fsk--0.32/P001--fsk--0.32/demoplate_01--fsk--0.32--W0074--P001--T0000--C00.tif
C:\FIS\demo_dataset\01-images_exported\demoplate_01/demoplate_01_s10t2.tif|C:\FIS\demo_dataset\03-images_renamed/demoplate_01/W0074--fsk--0.32/P001--fsk--0.32/demoplate_01--fsk--0.32--W0074--P001--T0001--C00.tif
C:\FIS\demo_dataset\01-images_exported\demoplate_01/demoplate_01_s10t3.tif|C:\FIS\demo_dataset\03-images_renamed/demoplate_01/W0074--fsk--0.32/P001--fsk--0.32/demoplate_01--fsk--0.32--W0074--P001--T0002--C00.tif
C:\FIS\demo_dataset\01-images_exported\demoplate_01/demoplate_01_s10t4.tif|C:\FIS\demo_dataset\03-images_renamed/demoplate_01/W0074--fsk--0.32/P001--fsk--0.32/demoplate_01--fsk--0.32--W0074--P001--T0003--C00.tif
C:\FIS\demo_dataset\01-images_exported\demoplate_01/demoplate_01_s10t5.tif|C:\FIS\demo_dataset\03-images_renamed/demoplate_01/W0074--fsk--0.32/P001--fsk--0.32/demoplate_01--fsk--0.32--W0074--P001--T0004--C00.tif
C:\FIS\demo_dataset\01-images_exported\demoplate_01/demoplate_01_s10t6.tif|C:\FIS\demo_dataset\03-images_renamed/demoplate_01/W0074--fsk--0.32/P001--fsk--0.32/demoplate_01--fsk--0.32--W0074--P001--T0005--C00.tif
C:\FIS\demo_dataset\01-images_exported\demoplate_01/demoplate_01_s10t7.tif|C:\FIS\demo_dataset\03-images_renamed/demoplate_01/W0074--fsk--0.32/P001--fsk--0.32/demoplate_01--fsk--0.32--W0074--P001--T0006--C00.tif
C:\FIS\demo_dataset\01-images_exported\demoplate_01/demoplate_01_s11t1.tif|C:\FIS\demo_dataset\03-images_renamed/demoplate_01/W0062--fsk--0.8/P001--fsk--0.8/demoplate_01--fsk--0.8--W0062--P001--T0000--C00.tif
C:\FIS\demo_dataset\01-images_exported\demoplate_01/demoplate_01_s11t2.tif|C:\FIS\demo_dataset\03-images_renamed/demoplate_01/W0062--fsk--0.8/P001--fsk--0.8/demoplate_01--fsk--0.8--W0062--P001--T0001--C00.tif
C:\FIS\demo_dataset\01-images_exported\demoplate_01/demoplate_01_s11t3.tif|C:\FIS\demo_dataset\03-images_renamed/demoplate_01/W0062--fsk--0.8/P001--fsk--0.8/demoplate_01--fsk--0.8--W0062--P001--T0002--C00.tif
C:\FIS\demo_dataset\01-images_exported\demoplate_01/demoplate_01_s11t4.tif|C:\FIS\demo_dataset\03-images_renamed/demoplate_01/W0062--fsk--0.8/P001--fsk--0.8/demoplate_01--fsk--0.8--W0062--P001--T0003--C00.tif
C:\FIS\demo_dataset\01-images_exported\demoplate_01/demoplate_01_s11t5.tif|C:\FIS\demo_dataset\03-images_renamed/demoplate_01/W0062--fsk--0.8/P001--fsk--0.8/demoplate_01--fsk--0.8--W0062--P001--T0004--C00.tif
C:\FIS\demo_dataset\01-images_exported\demoplate_01/demoplate_01_s11t6.tif|C:\FIS\demo_dataset\03-images_renamed/demoplate_01/W0062--fsk--0.8/P001--fsk--0.8/demoplate_01--fsk--0.8--W0062--P001--T0005--C00.tif
C:\FIS\demo_dataset\01-images_exported\demoplate_01/demoplate_01_s11t7.tif|C:\FIS\demo_dataset\03-images_renamed/demoplate_01/W0062--fsk--0.8/P001--fsk--0.8/demoplate_01--fsk--0.8--W0062--P001--T0006--C00.tif
C:\FIS\demo_dataset\01-images_exported\demoplate_01/demoplate_01_s12t1.tif|C:\FIS\demo_dataset\03-images_renamed/demoplate_01/W0050--fsk--0.8/P001--fsk--0.8/demoplate_01--fsk--0.8--W0050--P001--T0000--C00.tif
C:\FIS\demo_dataset\01-images_exported\demoplate_01/demoplate_01_s12t2.tif|C:\FIS\demo_dataset\03-images_renamed/demoplate_01/W0050--fsk--0.8/P001--fsk--0.8/demoplate_01--fsk--0.8--W0050--P001--T0001--C00.tif
C:\FIS\demo_dataset\01-images_exported\demoplate_01/demoplate_01_s12t3.tif|C:\FIS\demo_dataset\03-images_renamed/demoplate_01/W0050--fsk--0.8/P001--fsk--0.8/demoplate_01--fsk--0.8--W0050--P001--T0002--C00.tif
C:\FIS\demo_dataset\01-images_exported\demoplate_01/demoplate_01_s12t4.tif|C:\FIS\demo_dataset\03-images_renamed/demoplate_01/W0050--fsk--0.8/P001--fsk--0.8/demoplate_01--fsk--0.8--W0050--P001--T0003--C00.tif
C:\FIS\demo_dataset\01-images_exported\demoplate_01/demoplate_01_s12t5.tif|C:\FIS\demo_dataset\03-images_renamed/demoplate_01/W0050--fsk--0.8/P001--fsk--0.8/demoplate_01--fsk--0.8--W0050--P001--T0004--C00.tif
C:\FIS\demo_dataset\01-images_exported\demoplate_01/demoplate_01_s12t6.tif|C:\FIS\demo_dataset\03-images_renamed/demoplate_01/W0050--fsk--0.8/P001--fsk--0.8/demoplate_01--fsk--0.8--W0050--P001--T0005--C00.tif
C:\FIS\demo_dataset\01-images_exported\demoplate_01/demoplate_01_s12t7.tif|C:\FIS\demo_dataset\03-images_renamed/demoplate_01/W0050--fsk--0.8/P001--fsk--0.8/demoplate_01--fsk--0.8--W0050--P001--T0006--C00.tif
C:\FIS\demo_dataset\01-images_exported\demoplate_01/demoplate_01_s13t1.tif|C:\FIS\demo_dataset\03-images_renamed/demoplate_01/W0038--fsk--2/P001--fsk--2/demoplate_01--fsk--2--W0038--P001--T0000--C00.tif
C:\FIS\demo_dataset\01-images_exported\demoplate_01/demoplate_01_s13t2.tif|C:\FIS\demo_dataset\03-images_renamed/demoplate_01/W0038--fsk--2/P001--fsk--2/demoplate_01--fsk--2--W0038--P001--T0001--C00.tif
C:\FIS\demo_dataset\01-images_exported\demoplate_01/demoplate_01_s13t3.tif|C:\FIS\demo_dataset\03-images_renamed/demoplate_01/W0038--fsk--2/P001--fsk--2/demoplate_01--fsk--2--W0038--P001--T0002--C00.tif
C:\FIS\demo_dataset\01-images_exported\demoplate_01/demoplate_01_s13t4.tif|C:\FIS\demo_dataset\03-images_renamed/demoplate_01/W0038--fsk--2/P001--fsk--2/demoplate_01--fsk--2--W0038--P001--T0003--C00.tif
C:\FIS\demo_dataset\01-images_exported\demoplate_01/demoplate_01_s13t5.tif|C:\FIS\demo_dataset\03-images_renamed/demoplate_01/W0038--fsk--2/P001--fsk--2/demoplate_01--fsk--2--W0038--P001--T0004--C00.tif
C:\FIS\demo_dataset\01-images_exported\demoplate_01/demoplate_01_s13t6.tif|C:\FIS\demo_dataset\03-images_renamed/demoplate_01/W0038--fsk--2/P001--fsk--2/demoplate_01--fsk--2--W0038--P001--T0005--C00.tif
C:\FIS\demo_dataset\01-images_exported\demoplate_01/demoplate_01_s13t7.tif|C:\FIS\demo_dataset\03-images_renamed/demoplate_01/W0038--fsk--2/P001--fsk--2/demoplate_01--fsk--2--W0038--P001--T0006--C00.tif
C:\FIS\demo_dataset\01-images_exported\demoplate_01/demoplate_01_s14t1.tif|C:\FIS\demo_dataset\03-images_renamed/demoplate_01/W0026--fsk--2/P001--fsk--2/demoplate_01--fsk--2--W0026--P001--T0000--C00.tif
C:\FIS\demo_dataset\01-images_exported\demoplate_01/demoplate_01_s14t2.tif|C:\FIS\demo_dataset\03-images_renamed/demoplate_01/W0026--fsk--2/P001--fsk--2/demoplate_01--fsk--2--W0026--P001--T0001--C00.tif
C:\FIS\demo_dataset\01-images_exported\demoplate_01/demoplate_01_s14t3.tif|C:\FIS\demo_dataset\03-images_renamed/demoplate_01/W0026--fsk--2/P001--fsk--2/demoplate_01--fsk--2--W0026--P001--T0002--C00.tif
C:\FIS\demo_dataset\01-images_exported\demoplate_01/demoplate_01_s14t4.tif|C:\FIS\demo_dataset\03-images_renamed/demoplate_01/W0026--fsk--2/P001--fsk--2/demoplate_01--fsk--2--W0026--P001--T0003--C00.tif
C:\FIS\demo_dataset\01-images_exported\demoplate_01/demoplate_01_s14t5.tif|C:\FIS\demo_dataset\03-images_renamed/demoplate_01/W0026--fsk--2/P001--fsk--2/demoplate_01--fsk--2--W0026--P001--T0004--C00.tif
C:\FIS\demo_dataset\01-images_exported\demoplate_01/demoplate_01_s14t6.tif|C:\FIS\demo_dataset\03-images_renamed/demoplate_01/W0026--fsk--2/P001--fsk--2/demoplate_01--fsk--2--W0026--P001--T0005--C00.tif
C:\FIS\demo_dataset\01-images_exported\demoplate_01/demoplate_01_s14t7.tif|C:\FIS\demo_dataset\03-images_renamed/demoplate_01/W0026--fsk--2/P001--fsk--2/demoplate_01--fsk--2--W0026--P001--T0006--C00.tif
C:\FIS\demo_dataset\01-images_exported\demoplate_01/demoplate_01_s15t1.tif|C:\FIS\demo_dataset\03-images_renamed/demoplate_01/W0014--fsk--5/P001--fsk--5/demoplate_01--fsk--5--W0014--P001--T0000--C00.tif
C:\FIS\demo_dataset\01-images_exported\demoplate_01/demoplate_01_s15t2.tif|C:\FIS\demo_dataset\03-images_renamed/demoplate_01/W0014--fsk--5/P001--fsk--5/demoplate_01--fsk--5--W0014--P001--T0001--C00.tif
C:\FIS\demo_dataset\01-images_exported\demoplate_01/demoplate_01_s15t3.tif|C:\FIS\demo_dataset\03-images_renamed/demoplate_01/W0014--fsk--5/P001--fsk--5/demoplate_01--fsk--5--W0014--P001--T0002--C00.tif
C:\FIS\demo_dataset\01-images_exported\demoplate_01/demoplate_01_s15t4.tif|C:\FIS\demo_dataset\03-images_renamed/demoplate_01/W0014--fsk--5/P001--fsk--5/demoplate_01--fsk--5--W0014--P001--T0003--C00.tif
C:\FIS\demo_dataset\01-images_exported\demoplate_01/demoplate_01_s15t5.tif|C:\FIS\demo_dataset\03-images_renamed/demoplate_01/W0014--fsk--5/P001--fsk--5/demoplate_01--fsk--5--W0014--P001--T0004--C00.tif
C:\FIS\demo_dataset\01-images_exported\demoplate_01/demoplate_01_s15t6.tif|C:\FIS\demo_dataset\03-images_renamed/demoplate_01/W0014--fsk--5/P001--fsk--5/demoplate_01--fsk--5--W0014--P001--T0005--C00.tif
C:\FIS\demo_dataset\01-images_exported\demoplate_01/demoplate_01_s15t7.tif|C:\FIS\demo_dataset\03-images_renamed/demoplate_01/W0014--fsk--5/P001--fsk--5/demoplate_01--fsk--5--W0014--P001--T0006--C00.tif
C:\FIS\demo_dataset\01-images_exported\demoplate_01/demoplate_01_s16t1.tif|C:\FIS\demo_dataset\03-images_renamed/demoplate_01/W0002--fsk--5/P001--fsk--5/demoplate_01--fsk--5--W0002--P001--T0000--C00.tif
C:\FIS\demo_dataset\01-images_exported\demoplate_01/demoplate_01_s16t2.tif|C:\FIS\demo_dataset\03-images_renamed/demoplate_01/W0002--fsk--5/P001--fsk--5/demoplate_01--fsk--5--W0002--P001--T0001--C00.tif
C:\FIS\demo_dataset\01-images_exported\demoplate_01/demoplate_01_s16t3.tif|C:\FIS\demo_dataset\03-images_renamed/demoplate_01/W0002--fsk--5/P001--fsk--5/demoplate_01--fsk--5--W0002--P001--T0002--C00.tif
C:\FIS\demo_dataset\01-images_exported\demoplate_01/demoplate_01_s16t4.tif|C:\FIS\demo_dataset\03-images_renamed/demoplate_01/W0002--fsk--5/P001--fsk--5/demoplate_01--fsk--5--W0002--P001--T0003--C00.tif
C:\FIS\demo_dataset\01-images_exported\demoplate_01/demoplate_01_s16t5.tif|C:\FIS\demo_dataset\03-images_renamed/demoplate_01/W0002--fsk--5/P001--fsk--5/demoplate_01--fsk--5--W0002--P001--T0004--C00.tif
C:\FIS\demo_dataset\01-images_exported\demoplate_01/demoplate_01_s16t6.tif|C:\FIS\demo_dataset\03-images_renamed/demoplate_01/W0002--fsk--5/P001--fsk--5/demoplate_01--fsk--5--W0002--P001--T0005--C00.tif
C:\FIS\demo_dataset\01-images_exported\demoplate_01/demoplate_01_s16t7.tif|C:\FIS\demo_dataset\03-images_renamed/demoplate_01/W0002--fsk--5/P001--fsk--5/demoplate_01--fsk--5--W0002--P001--T0006--C00.tif
C:\FIS\demo_dataset\01-images_exported\demoplate_01/demoplate_01_s17t1.tif|C:\FIS\demo_dataset\03-images_renamed/demoplate_01/W0003--fsk_809--0.008/P001--fsk_809--0.008/demoplate_01--fsk_809--0.008--W0003--P001--T0000--C00.tif
C:\FIS\demo_dataset\01-images_exported\demoplate_01/demoplate_01_s17t2.tif|C:\FIS\demo_dataset\03-images_renamed/demoplate_01/W0003--fsk_809--0.008/P001--fsk_809--0.008/demoplate_01--fsk_809--0.008--W0003--P001--T0001--C00.tif
C:\FIS\demo_dataset\01-images_exported\demoplate_01/demoplate_01_s17t3.tif|C:\FIS\demo_dataset\03-images_renamed/demoplate_01/W0003--fsk_809--0.008/P001--fsk_809--0.008/demoplate_01--fsk_809--0.008--W0003--P001--T0002--C00.tif
C:\FIS\demo_dataset\01-images_exported\demoplate_01/demoplate_01_s17t4.tif|C:\FIS\demo_dataset\03-images_renamed/demoplate_01/W0003--fsk_809--0.008/P001--fsk_809--0.008/demoplate_01--fsk_809--0.008--W0003--P001--T0003--C00.tif
C:\FIS\demo_dataset\01-images_exported\demoplate_01/demoplate_01_s17t5.tif|C:\FIS\demo_dataset\03-images_renamed/demoplate_01/W0003--fsk_809--0.008/P001--fsk_809--0.008/demoplate_01--fsk_809--0.008--W0003--P001--T0004--C00.tif
C:\FIS\demo_dataset\01-images_exported\demoplate_01/demoplate_01_s17t6.tif|C:\FIS\demo_dataset\03-images_renamed/demoplate_01/W0003--fsk_809--0.008/P001--fsk_809--0.008/demoplate_01--fsk_809--0.008--W0003--P001--T0005--C00.tif
C:\FIS\demo_dataset\01-images_exported\demoplate_01/demoplate_01_s17t7.tif|C:\FIS\demo_dataset\03-images_renamed/demoplate_01/W0003--fsk_809--0.008/P001--fsk_809--0.008/demoplate_01--fsk_809--0.008--W0003--P001--T0006--C00.tif
C:\FIS\demo_dataset\01-images_exported\demoplate_01/demoplate_01_s18t1.tif|C:\FIS\demo_dataset\03-images_renamed/demoplate_01/W0015--fsk_809--0.008/P001--fsk_809--0.008/demoplate_01--fsk_809--0.008--W0015--P001--T0000--C00.tif
C:\FIS\demo_dataset\01-images_exported\demoplate_01/demoplate_01_s18t2.tif|C:\FIS\demo_dataset\03-images_renamed/demoplate_01/W0015--fsk_809--0.008/P001--fsk_809--0.008/demoplate_01--fsk_809--0.008--W0015--P001--T0001--C00.tif
C:\FIS\demo_dataset\01-images_exported\demoplate_01/demoplate_01_s18t3.tif|C:\FIS\demo_dataset\03-images_renamed/demoplate_01/W0015--fsk_809--0.008/P001--fsk_809--0.008/demoplate_01--fsk_809--0.008--W0015--P001--T0002--C00.tif
C:\FIS\demo_dataset\01-images_exported\demoplate_01/demoplate_01_s18t4.tif|C:\FIS\demo_dataset\03-images_renamed/demoplate_01/W0015--fsk_809--0.008/P001--fsk_809--0.008/demoplate_01--fsk_809--0.008--W0015--P001--T0003--C00.tif
C:\FIS\demo_dataset\01-images_exported\demoplate_01/demoplate_01_s18t5.tif|C:\FIS\demo_dataset\03-images_renamed/demoplate_01/W0015--fsk_809--0.008/P001--fsk_809--0.008/demoplate_01--fsk_809--0.008--W0015--P001--T0004--C00.tif
C:\FIS\demo_dataset\01-images_exported\demoplate_01/demoplate_01_s18t6.tif|C:\FIS\demo_dataset\03-images_renamed/demoplate_01/W0015--fsk_809--0.008/P001--fsk_809--0.008/demoplate_01--fsk_809--0.008--W0015--P001--T0005--C00.tif
C:\FIS\demo_dataset\01-images_exported\demoplate_01/demoplate_01_s18t7.tif|C:\FIS\demo_dataset\03-images_renamed/demoplate_01/W0015--fsk_809--0.008/P001--fsk_809--0.008/demoplate_01--fsk_809--0.008--W0015--P001--T0006--C00.tif
C:\FIS\demo_dataset\01-images_exported\demoplate_01/demoplate_01_s19t1.tif|C:\FIS\demo_dataset\03-images_renamed/demoplate_01/W0027--fsk_809--0.02/P001--fsk_809--0.02/demoplate_01--fsk_809--0.02--W0027--P001--T0000--C00.tif
C:\FIS\demo_dataset\01-images_exported\demoplate_01/demoplate_01_s19t2.tif|C:\FIS\demo_dataset\03-images_renamed/demoplate_01/W0027--fsk_809--0.02/P001--fsk_809--0.02/demoplate_01--fsk_809--0.02--W0027--P001--T0001--C00.tif
C:\FIS\demo_dataset\01-images_exported\demoplate_01/demoplate_01_s19t3.tif|C:\FIS\demo_dataset\03-images_renamed/demoplate_01/W0027--fsk_809--0.02/P001--fsk_809--0.02/demoplate_01--fsk_809--0.02--W0027--P001--T0002--C00.tif
C:\FIS\demo_dataset\01-images_exported\demoplate_01/demoplate_01_s19t4.tif|C:\FIS\demo_dataset\03-images_renamed/demoplate_01/W0027--fsk_809--0.02/P001--fsk_809--0.02/demoplate_01--fsk_809--0.02--W0027--P001--T0003--C00.tif
C:\FIS\demo_dataset\01-images_exported\demoplate_01/demoplate_01_s19t5.tif|C:\FIS\demo_dataset\03-images_renamed/demoplate_01/W0027--fsk_809--0.02/P001--fsk_809--0.02/demoplate_01--fsk_809--0.02--W0027--P001--T0004--C00.tif
C:\FIS\demo_dataset\01-images_exported\demoplate_01/demoplate_01_s19t6.tif|C:\FIS\demo_dataset\03-images_renamed/demoplate_01/W0027--fsk_809--0.02/P001--fsk_809--0.02/demoplate_01--fsk_809--0.02--W0027--P001--T0005--C00.tif
C:\FIS\demo_dataset\01-images_exported\demoplate_01/demoplate_01_s19t7.tif|C:\FIS\demo_dataset\03-images_renamed/demoplate_01/W0027--fsk_809--0.02/P001--fsk_809--0.02/demoplate_01--fsk_809--0.02--W0027--P001--T0006--C00.tif
C:\FIS\demo_dataset\01-images_exported\demoplate_01/demoplate_01_s20t1.tif|C:\FIS\demo_dataset\03-images_renamed/demoplate_01/W0039--fsk_809--0.02/P001--fsk_809--0.02/demoplate_01--fsk_809--0.02--W0039--P001--T0000--C00.tif
C:\FIS\demo_dataset\01-images_exported\demoplate_01/demoplate_01_s20t2.tif|C:\FIS\demo_dataset\03-images_renamed/demoplate_01/W0039--fsk_809--0.02/P001--fsk_809--0.02/demoplate_01--fsk_809--0.02--W0039--P001--T0001--C00.tif
C:\FIS\demo_dataset\01-images_exported\demoplate_01/demoplate_01_s20t3.tif|C:\FIS\demo_dataset\03-images_renamed/demoplate_01/W0039--fsk_809--0.02/P001--fsk_809--0.02/demoplate_01--fsk_809--0.02--W0039--P001--T0002--C00.tif
C:\FIS\demo_dataset\01-images_exported\demoplate_01/demoplate_01_s20t4.tif|C:\FIS\demo_dataset\03-images_renamed/demoplate_01/W0039--fsk_809--0.02/P001--fsk_809--0.02/demoplate_01--fsk_809--0.02--W0039--P001--T0003--C00.tif
C:\FIS\demo_dataset\01-images_exported\demoplate_01/demoplate_01_s20t5.tif|C:\FIS\demo_dataset\03-images_renamed/demoplate_01/W0039--fsk_809--0.02/P001--fsk_809--0.02/demoplate_01--fsk_809--0.02--W0039--P001--T0004--C00.tif
C:\FIS\demo_dataset\01-images_exported\demoplate_01/demoplate_01_s20t6.tif|C:\FIS\demo_dataset\03-images_renamed/demoplate_01/W0039--fsk_809--0.02/P001--fsk_809--0.02/demoplate_01--fsk_809--0.02--W0039--P001--T0005--C00.tif
C:\FIS\demo_dataset\01-images_exported\demoplate_01/demoplate_01_s20t7.tif|C:\FIS\demo_dataset\03-images_renamed/demoplate_01/W0039--fsk_809--0.02/P001--fsk_809--0.02/demoplate_01--fsk_809--0.02--W0039--P001--T0006--C00.tif
C:\FIS\demo_dataset\01-images_exported\demoplate_01/demoplate_01_s21t1.tif|C:\FIS\demo_dataset\03-images_renamed/demoplate_01/W0051--fsk_809--0.05/P001--fsk_809--0.05/demoplate_01--fsk_809--0.05--W0051--P001--T0000--C00.tif
C:\FIS\demo_dataset\01-images_exported\demoplate_01/demoplate_01_s21t2.tif|C:\FIS\demo_dataset\03-images_renamed/demoplate_01/W0051--fsk_809--0.05/P001--fsk_809--0.05/demoplate_01--fsk_809--0.05--W0051--P001--T0001--C00.tif
C:\FIS\demo_dataset\01-images_exported\demoplate_01/demoplate_01_s21t3.tif|C:\FIS\demo_dataset\03-images_renamed/demoplate_01/W0051--fsk_809--0.05/P001--fsk_809--0.05/demoplate_01--fsk_809--0.05--W0051--P001--T0002--C00.tif
C:\FIS\demo_dataset\01-images_exported\demoplate_01/demoplate_01_s21t4.tif|C:\FIS\demo_dataset\03-images_renamed/demoplate_01/W0051--fsk_809--0.05/P001--fsk_809--0.05/demoplate_01--fsk_809--0.05--W0051--P001--T0003--C00.tif
C:\FIS\demo_dataset\01-images_exported\demoplate_01/demoplate_01_s21t5.tif|C:\FIS\demo_dataset\03-images_renamed/demoplate_01/W0051--fsk_809--0.05/P001--fsk_809--0.05/demoplate_01--fsk_809--0.05--W0051--P001--T0004--C00.tif
C:\FIS\demo_dataset\01-images_exported\demoplate_01/demoplate_01_s21t6.tif|C:\FIS\demo_dataset\03-images_renamed/demoplate_01/W0051--fsk_809--0.05/P001--fsk_809--0.05/demoplate_01--fsk_809--0.05--W0051--P001--T0005--C00.tif
C:\FIS\demo_dataset\01-images_exported\demoplate_01/demoplate_01_s21t7.tif|C:\FIS\demo_dataset\03-images_renamed/demoplate_01/W0051--fsk_809--0.05/P001--fsk_809--0.05/demoplate_01--fsk_809--0.05--W0051--P001--T0006--C00.tif
C:\FIS\demo_dataset\01-images_exported\demoplate_01/demoplate_01_s22t1.tif|C:\FIS\demo_dataset\03-images_renamed/demoplate_01/W0063--fsk_809--0.05/P001--fsk_809--0.05/demoplate_01--fsk_809--0.05--W0063--P001--T0000--C00.tif
C:\FIS\demo_dataset\01-images_exported\demoplate_01/demoplate_01_s22t2.tif|C:\FIS\demo_dataset\03-images_renamed/demoplate_01/W0063--fsk_809--0.05/P001--fsk_809--0.05/demoplate_01--fsk_809--0.05--W0063--P001--T0001--C00.tif
C:\FIS\demo_dataset\01-images_exported\demoplate_01/demoplate_01_s22t3.tif|C:\FIS\demo_dataset\03-images_renamed/demoplate_01/W0063--fsk_809--0.05/P001--fsk_809--0.05/demoplate_01--fsk_809--0.05--W0063--P001--T0002--C00.tif
C:\FIS\demo_dataset\01-images_exported\demoplate_01/demoplate_01_s22t4.tif|C:\FIS\demo_dataset\03-images_renamed/demoplate_01/W0063--fsk_809--0.05/P001--fsk_809--0.05/demoplate_01--fsk_809--0.05--W0063--P001--T0003--C00.tif
C:\FIS\demo_dataset\01-images_exported\demoplate_01/demoplate_01_s22t5.tif|C:\FIS\demo_dataset\03-images_renamed/demoplate_01/W0063--fsk_809--0.05/P001--fsk_809--0.05/demoplate_01--fsk_809--0.05--W0063--P001--T0004--C00.tif
C:\FIS\demo_dataset\01-images_exported\demoplate_01/demoplate_01_s22t6.tif|C:\FIS\demo_dataset\03-images_renamed/demoplate_01/W0063--fsk_809--0.05/P001--fsk_809--0.05/demoplate_01--fsk_809--0.05--W0063--P001--T0005--C00.tif
C:\FIS\demo_dataset\01-images_exported\demoplate_01/demoplate_01_s22t7.tif|C:\FIS\demo_dataset\03-images_renamed/demoplate_01/W0063--fsk_809--0.05/P001--fsk_809--0.05/demoplate_01--fsk_809--0.05--W0063--P001--T0006--C00.tif
C:\FIS\demo_dataset\01-images_exported\demoplate_01/demoplate_01_s23t1.tif|C:\FIS\demo_dataset\03-images_renamed/demoplate_01/W0075--fsk_809--0.128/P001--fsk_809--0.128/demoplate_01--fsk_809--0.128--W0075--P001--T0000--C00.tif
C:\FIS\demo_dataset\01-images_exported\demoplate_01/demoplate_01_s23t2.tif|C:\FIS\demo_dataset\03-images_renamed/demoplate_01/W0075--fsk_809--0.128/P001--fsk_809--0.128/demoplate_01--fsk_809--0.128--W0075--P001--T0001--C00.tif
C:\FIS\demo_dataset\01-images_exported\demoplate_01/demoplate_01_s23t3.tif|C:\FIS\demo_dataset\03-images_renamed/demoplate_01/W0075--fsk_809--0.128/P001--fsk_809--0.128/demoplate_01--fsk_809--0.128--W0075--P001--T0002--C00.tif
C:\FIS\demo_dataset\01-images_exported\demoplate_01/demoplate_01_s23t4.tif|C:\FIS\demo_dataset\03-images_renamed/demoplate_01/W0075--fsk_809--0.128/P001--fsk_809--0.128/demoplate_01--fsk_809--0.128--W0075--P001--T0003--C00.tif
C:\FIS\demo_dataset\01-images_exported\demoplate_01/demoplate_01_s23t5.tif|C:\FIS\demo_dataset\03-images_renamed/demoplate_01/W0075--fsk_809--0.128/P001--fsk_809--0.128/demoplate_01--fsk_809--0.128--W0075--P001--T0004--C00.tif
C:\FIS\demo_dataset\01-images_exported\demoplate_01/demoplate_01_s23t6.tif|C:\FIS\demo_dataset\03-images_renamed/demoplate_01/W0075--fsk_809--0.128/P001--fsk_809--0.128/demoplate_01--fsk_809--0.128--W0075--P001--T0005--C00.tif
C:\FIS\demo_dataset\01-images_exported\demoplate_01/demoplate_01_s23t7.tif|C:\FIS\demo_dataset\03-images_renamed/demoplate_01/W0075--fsk_809--0.128/P001--fsk_809--0.128/demoplate_01--fsk_809--0.128--W0075--P001--T0006--C00.tif
C:\FIS\demo_dataset\01-images_exported\demoplate_01/demoplate_01_s24t1.tif|C:\FIS\demo_dataset\03-images_renamed/demoplate_01/W0087--fsk_809--0.128/P001--fsk_809--0.128/demoplate_01--fsk_809--0.128--W0087--P001--T0000--C00.tif
C:\FIS\demo_dataset\01-images_exported\demoplate_01/demoplate_01_s24t2.tif|C:\FIS\demo_dataset\03-images_renamed/demoplate_01/W0087--fsk_809--0.128/P001--fsk_809--0.128/demoplate_01--fsk_809--0.128--W0087--P001--T0001--C00.tif
C:\FIS\demo_dataset\01-images_exported\demoplate_01/demoplate_01_s24t3.tif|C:\FIS\demo_dataset\03-images_renamed/demoplate_01/W0087--fsk_809--0.128/P001--fsk_809--0.128/demoplate_01--fsk_809--0.128--W0087--P001--T0002--C00.tif
C:\FIS\demo_dataset\01-images_exported\demoplate_01/demoplate_01_s24t4.tif|C:\FIS\demo_dataset\03-images_renamed/demoplate_01/W0087--fsk_809--0.128/P001--fsk_809--0.128/demoplate_01--fsk_809--0.128--W0087--P001--T0003--C00.tif
C:\FIS\demo_dataset\01-images_exported\demoplate_01/demoplate_01_s24t5.tif|C:\FIS\demo_dataset\03-images_renamed/demoplate_01/W0087--fsk_809--0.128/P001--fsk_809--0.128/demoplate_01--fsk_809--0.128--W0087--P001--T0004--C00.tif
C:\FIS\demo_dataset\01-images_exported\demoplate_01/demoplate_01_s24t6.tif|C:\FIS\demo_dataset\03-images_renamed/demoplate_01/W0087--fsk_809--0.128/P001--fsk_809--0.128/demoplate_01--fsk_809--0.128--W0087--P001--T0005--C00.tif
C:\FIS\demo_dataset\01-images_exported\demoplate_01/demoplate_01_s24t7.tif|C:\FIS\demo_dataset\03-images_renamed/demoplate_01/W0087--fsk_809--0.128/P001--fsk_809--0.128/demoplate_01--fsk_809--0.128--W0087--P001--T0006--C00.tif
C:\FIS\demo_dataset\01-images_exported\demoplate_01/demoplate_01_s25t1.tif|C:\FIS\demo_dataset\03-images_renamed/demoplate_01/W0088--fsk_809--0.32/P001--fsk_809--0.32/demoplate_01--fsk_809--0.32--W0088--P001--T0000--C00.tif
C:\FIS\demo_dataset\01-images_exported\demoplate_01/demoplate_01_s25t2.tif|C:\FIS\demo_dataset\03-images_renamed/demoplate_01/W0088--fsk_809--0.32/P001--fsk_809--0.32/demoplate_01--fsk_809--0.32--W0088--P001--T0001--C00.tif
C:\FIS\demo_dataset\01-images_exported\demoplate_01/demoplate_01_s25t3.tif|C:\FIS\demo_dataset\03-images_renamed/demoplate_01/W0088--fsk_809--0.32/P001--fsk_809--0.32/demoplate_01--fsk_809--0.32--W0088--P001--T0002--C00.tif
C:\FIS\demo_dataset\01-images_exported\demoplate_01/demoplate_01_s25t4.tif|C:\FIS\demo_dataset\03-images_renamed/demoplate_01/W0088--fsk_809--0.32/P001--fsk_809--0.32/demoplate_01--fsk_809--0.32--W0088--P001--T0003--C00.tif
C:\FIS\demo_dataset\01-images_exported\demoplate_01/demoplate_01_s25t5.tif|C:\FIS\demo_dataset\03-images_renamed/demoplate_01/W0088--fsk_809--0.32/P001--fsk_809--0.32/demoplate_01--fsk_809--0.32--W0088--P001--T0004--C00.tif
C:\FIS\demo_dataset\01-images_exported\demoplate_01/demoplate_01_s25t6.tif|C:\FIS\demo_dataset\03-images_renamed/demoplate_01/W0088--fsk_809--0.32/P001--fsk_809--0.32/demoplate_01--fsk_809--0.32--W0088--P001--T0005--C00.tif
C:\FIS\demo_dataset\01-images_exported\demoplate_01/demoplate_01_s25t7.tif|C:\FIS\demo_dataset\03-images_renamed/demoplate_01/W0088--fsk_809--0.32/P001--fsk_809--0.32/demoplate_01--fsk_809--0.32--W0088--P001--T0006--C00.tif
C:\FIS\demo_dataset\01-images_exported\demoplate_01/demoplate_01_s26t1.tif|C:\FIS\demo_dataset\03-images_renamed/demoplate_01/W0076--fsk_809--0.32/P001--fsk_809--0.32/demoplate_01--fsk_809--0.32--W0076--P001--T0000--C00.tif
C:\FIS\demo_dataset\01-images_exported\demoplate_01/demoplate_01_s26t2.tif|C:\FIS\demo_dataset\03-images_renamed/demoplate_01/W0076--fsk_809--0.32/P001--fsk_809--0.32/demoplate_01--fsk_809--0.32--W0076--P001--T0001--C00.tif
C:\FIS\demo_dataset\01-images_exported\demoplate_01/demoplate_01_s26t3.tif|C:\FIS\demo_dataset\03-images_renamed/demoplate_01/W0076--fsk_809--0.32/P001--fsk_809--0.32/demoplate_01--fsk_809--0.32--W0076--P001--T0002--C00.tif
C:\FIS\demo_dataset\01-images_exported\demoplate_01/demoplate_01_s26t4.tif|C:\FIS\demo_dataset\03-images_renamed/demoplate_01/W0076--fsk_809--0.32/P001--fsk_809--0.32/demoplate_01--fsk_809--0.32--W0076--P001--T0003--C00.tif
C:\FIS\demo_dataset\01-images_exported\demoplate_01/demoplate_01_s26t5.tif|C:\FIS\demo_dataset\03-images_renamed/demoplate_01/W0076--fsk_809--0.32/P001--fsk_809--0.32/demoplate_01--fsk_809--0.32--W0076--P001--T0004--C00.tif
C:\FIS\demo_dataset\01-images_exported\demoplate_01/demoplate_01_s26t6.tif|C:\FIS\demo_dataset\03-images_renamed/demoplate_01/W0076--fsk_809--0.32/P001--fsk_809--0.32/demoplate_01--fsk_809--0.32--W0076--P001--T0005--C00.tif
C:\FIS\demo_dataset\01-images_exported\demoplate_01/demoplate_01_s26t7.tif|C:\FIS\demo_dataset\03-images_renamed/demoplate_01/W0076--fsk_809--0.32/P001--fsk_809--0.32/demoplate_01--fsk_809--0.32--W0076--P001--T0006--C00.tif
C:\FIS\demo_dataset\01-images_exported\demoplate_01/demoplate_01_s27t1.tif|C:\FIS\demo_dataset\03-images_renamed/demoplate_01/W0064--fsk_809--0.8/P001--fsk_809--0.8/demoplate_01--fsk_809--0.8--W0064--P001--T0000--C00.tif
C:\FIS\demo_dataset\01-images_exported\demoplate_01/demoplate_01_s27t2.tif|C:\FIS\demo_dataset\03-images_renamed/demoplate_01/W0064--fsk_809--0.8/P001--fsk_809--0.8/demoplate_01--fsk_809--0.8--W0064--P001--T0001--C00.tif
C:\FIS\demo_dataset\01-images_exported\demoplate_01/demoplate_01_s27t3.tif|C:\FIS\demo_dataset\03-images_renamed/demoplate_01/W0064--fsk_809--0.8/P001--fsk_809--0.8/demoplate_01--fsk_809--0.8--W0064--P001--T0002--C00.tif
C:\FIS\demo_dataset\01-images_exported\demoplate_01/demoplate_01_s27t4.tif|C:\FIS\demo_dataset\03-images_renamed/demoplate_01/W0064--fsk_809--0.8/P001--fsk_809--0.8/demoplate_01--fsk_809--0.8--W0064--P001--T0003--C00.tif
C:\FIS\demo_dataset\01-images_exported\demoplate_01/demoplate_01_s27t5.tif|C:\FIS\demo_dataset\03-images_renamed/demoplate_01/W0064--fsk_809--0.8/P001--fsk_809--0.8/demoplate_01--fsk_809--0.8--W0064--P001--T0004--C00.tif
C:\FIS\demo_dataset\01-images_exported\demoplate_01/demoplate_01_s27t6.tif|C:\FIS\demo_dataset\03-images_renamed/demoplate_01/W0064--fsk_809--0.8/P001--fsk_809--0.8/demoplate_01--fsk_809--0.8--W0064--P001--T0005--C00.tif
C:\FIS\demo_dataset\01-images_exported\demoplate_01/demoplate_01_s27t7.tif|C:\FIS\demo_dataset\03-images_renamed/demoplate_01/W0064--fsk_809--0.8/P001--fsk_809--0.8/demoplate_01--fsk_809--0.8--W0064--P001--T0006--C00.tif
C:\FIS\demo_dataset\01-images_exported\demoplate_01/demoplate_01_s28t1.tif|C:\FIS\demo_dataset\03-images_renamed/demoplate_01/W0052--fsk_809--0.8/P001--fsk_809--0.8/demoplate_01--fsk_809--0.8--W0052--P001--T0000--C00.tif
C:\FIS\demo_dataset\01-images_exported\demoplate_01/demoplate_01_s28t2.tif|C:\FIS\demo_dataset\03-images_renamed/demoplate_01/W0052--fsk_809--0.8/P001--fsk_809--0.8/demoplate_01--fsk_809--0.8--W0052--P001--T0001--C00.tif
C:\FIS\demo_dataset\01-images_exported\demoplate_01/demoplate_01_s28t3.tif|C:\FIS\demo_dataset\03-images_renamed/demoplate_01/W0052--fsk_809--0.8/P001--fsk_809--0.8/demoplate_01--fsk_809--0.8--W0052--P001--T0002--C00.tif
C:\FIS\demo_dataset\01-images_exported\demoplate_01/demoplate_01_s28t4.tif|C:\FIS\demo_dataset\03-images_renamed/demoplate_01/W0052--fsk_809--0.8/P001--fsk_809--0.8/demoplate_01--fsk_809--0.8--W0052--P001--T0003--C00.tif
C:\FIS\demo_dataset\01-images_exported\demoplate_01/demoplate_01_s28t5.tif|C:\FIS\demo_dataset\03-images_renamed/demoplate_01/W0052--fsk_809--0.8/P001--fsk_809--0.8/demoplate_01--fsk_809--0.8--W0052--P001--T0004--C00.tif
C:\FIS\demo_dataset\01-images_exported\demoplate_01/demoplate_01_s28t6.tif|C:\FIS\demo_dataset\03-images_renamed/demoplate_01/W0052--fsk_809--0.8/P001--fsk_809--0.8/demoplate_01--fsk_809--0.8--W0052--P001--T0005--C00.tif
C:\FIS\demo_dataset\01-images_exported\demoplate_01/demoplate_01_s28t7.tif|C:\FIS\demo_dataset\03-images_renamed/demoplate_01/W0052--fsk_809--0.8/P001--fsk_809--0.8/demoplate_01--fsk_809--0.8--W0052--P001--T0006--C00.tif
C:\FIS\demo_dataset\01-images_exported\demoplate_01/demoplate_01_s29t1.tif|C:\FIS\demo_dataset\03-images_renamed/demoplate_01/W0040--fsk_809--2/P001--fsk_809--2/demoplate_01--fsk_809--2--W0040--P001--T0000--C00.tif
C:\FIS\demo_dataset\01-images_exported\demoplate_01/demoplate_01_s29t2.tif|C:\FIS\demo_dataset\03-images_renamed/demoplate_01/W0040--fsk_809--2/P001--fsk_809--2/demoplate_01--fsk_809--2--W0040--P001--T0001--C00.tif
C:\FIS\demo_dataset\01-images_exported\demoplate_01/demoplate_01_s29t3.tif|C:\FIS\demo_dataset\03-images_renamed/demoplate_01/W0040--fsk_809--2/P001--fsk_809--2/demoplate_01--fsk_809--2--W0040--P001--T0002--C00.tif
C:\FIS\demo_dataset\01-images_exported\demoplate_01/demoplate_01_s29t4.tif|C:\FIS\demo_dataset\03-images_renamed/demoplate_01/W0040--fsk_809--2/P001--fsk_809--2/demoplate_01--fsk_809--2--W0040--P001--T0003--C00.tif
C:\FIS\demo_dataset\01-images_exported\demoplate_01/demoplate_01_s29t5.tif|C:\FIS\demo_dataset\03-images_renamed/demoplate_01/W0040--fsk_809--2/P001--fsk_809--2/demoplate_01--fsk_809--2--W0040--P001--T0004--C00.tif
C:\FIS\demo_dataset\01-images_exported\demoplate_01/demoplate_01_s29t6.tif|C:\FIS\demo_dataset\03-images_renamed/demoplate_01/W0040--fsk_809--2/P001--fsk_809--2/demoplate_01--fsk_809--2--W0040--P001--T0005--C00.tif
C:\FIS\demo_dataset\01-images_exported\demoplate_01/demoplate_01_s29t7.tif|C:\FIS\demo_dataset\03-images_renamed/demoplate_01/W0040--fsk_809--2/P001--fsk_809--2/demoplate_01--fsk_809--2--W0040--P001--T0006--C00.tif
C:\FIS\demo_dataset\01-images_exported\demoplate_01/demoplate_01_s30t1.tif|C:\FIS\demo_dataset\03-images_renamed/demoplate_01/W0028--fsk_809--2/P001--fsk_809--2/demoplate_01--fsk_809--2--W0028--P001--T0000--C00.tif
C:\FIS\demo_dataset\01-images_exported\demoplate_01/demoplate_01_s30t2.tif|C:\FIS\demo_dataset\03-images_renamed/demoplate_01/W0028--fsk_809--2/P001--fsk_809--2/demoplate_01--fsk_809--2--W0028--P001--T0001--C00.tif
C:\FIS\demo_dataset\01-images_exported\demoplate_01/demoplate_01_s30t3.tif|C:\FIS\demo_dataset\03-images_renamed/demoplate_01/W0028--fsk_809--2/P001--fsk_809--2/demoplate_01--fsk_809--2--W0028--P001--T0002--C00.tif
C:\FIS\demo_dataset\01-images_exported\demoplate_01/demoplate_01_s30t4.tif|C:\FIS\demo_dataset\03-images_renamed/demoplate_01/W0028--fsk_809--2/P001--fsk_809--2/demoplate_01--fsk_809--2--W0028--P001--T0003--C00.tif
C:\FIS\demo_dataset\01-images_exported\demoplate_01/demoplate_01_s30t5.tif|C:\FIS\demo_dataset\03-images_renamed/demoplate_01/W0028--fsk_809--2/P001--fsk_809--2/demoplate_01--fsk_809--2--W0028--P001--T0004--C00.tif
C:\FIS\demo_dataset\01-images_exported\demoplate_01/demoplate_01_s30t6.tif|C:\FIS\demo_dataset\03-images_renamed/demoplate_01/W0028--fsk_809--2/P001--fsk_809--2/demoplate_01--fsk_809--2--W0028--P001--T0005--C00.tif
C:\FIS\demo_dataset\01-images_exported\demoplate_01/demoplate_01_s30t7.tif|C:\FIS\demo_dataset\03-images_renamed/demoplate_01/W0028--fsk_809--2/P001--fsk_809--2/demoplate_01--fsk_809--2--W0028--P001--T0006--C00.tif
C:\FIS\demo_dataset\01-images_exported\demoplate_01/demoplate_01_s31t1.tif|C:\FIS\demo_dataset\03-images_renamed/demoplate_01/W0016--fsk_809--5/P001--fsk_809--5/demoplate_01--fsk_809--5--W0016--P001--T0000--C00.tif
C:\FIS\demo_dataset\01-images_exported\demoplate_01/demoplate_01_s31t2.tif|C:\FIS\demo_dataset\03-images_renamed/demoplate_01/W0016--fsk_809--5/P001--fsk_809--5/demoplate_01--fsk_809--5--W0016--P001--T0001--C00.tif
C:\FIS\demo_dataset\01-images_exported\demoplate_01/demoplate_01_s31t3.tif|C:\FIS\demo_dataset\03-images_renamed/demoplate_01/W0016--fsk_809--5/P001--fsk_809--5/demoplate_01--fsk_809--5--W0016--P001--T0002--C00.tif
C:\FIS\demo_dataset\01-images_exported\demoplate_01/demoplate_01_s31t4.tif|C:\FIS\demo_dataset\03-images_renamed/demoplate_01/W0016--fsk_809--5/P001--fsk_809--5/demoplate_01--fsk_809--5--W0016--P001--T0003--C00.tif
C:\FIS\demo_dataset\01-images_exported\demoplate_01/demoplate_01_s31t5.tif|C:\FIS\demo_dataset\03-images_renamed/demoplate_01/W0016--fsk_809--5/P001--fsk_809--5/demoplate_01--fsk_809--5--W0016--P001--T0004--C00.tif
C:\FIS\demo_dataset\01-images_exported\demoplate_01/demoplate_01_s31t6.tif|C:\FIS\demo_dataset\03-images_renamed/demoplate_01/W0016--fsk_809--5/P001--fsk_809--5/demoplate_01--fsk_809--5--W0016--P001--T0005--C00.tif
C:\FIS\demo_dataset\01-images_exported\demoplate_01/demoplate_01_s31t7.tif|C:\FIS\demo_dataset\03-images_renamed/demoplate_01/W0016--fsk_809--5/P001--fsk_809--5/demoplate_01--fsk_809--5--W0016--P001--T0006--C00.tif
C:\FIS\demo_dataset\01-images_exported\demoplate_01/demoplate_01_s32t1.tif|C:\FIS\demo_dataset\03-images_renamed/demoplate_01/W0004--fsk_809--5/P001--fsk_809--5/demoplate_01--fsk_809--5--W0004--P001--T0000--C00.tif
C:\FIS\demo_dataset\01-images_exported\demoplate_01/demoplate_01_s32t2.tif|C:\FIS\demo_dataset\03-images_renamed/demoplate_01/W0004--fsk_809--5/P001--fsk_809--5/demoplate_01--fsk_809--5--W0004--P001--T0001--C00.tif
C:\FIS\demo_dataset\01-images_exported\demoplate_01/demoplate_01_s32t3.tif|C:\FIS\demo_dataset\03-images_renamed/demoplate_01/W0004--fsk_809--5/P001--fsk_809--5/demoplate_01--fsk_809--5--W0004--P001--T0002--C00.tif
C:\FIS\demo_dataset\01-images_exported\demoplate_01/demoplate_01_s32t4.tif|C:\FIS\demo_dataset\03-images_renamed/demoplate_01/W0004--fsk_809--5/P001--fsk_809--5/demoplate_01--fsk_809--5--W0004--P001--T0003--C00.tif
C:\FIS\demo_dataset\01-images_exported\demoplate_01/demoplate_01_s32t5.tif|C:\FIS\demo_dataset\03-images_renamed/demoplate_01/W0004--fsk_809--5/P001--fsk_809--5/demoplate_01--fsk_809--5--W0004--P001--T0004--C00.tif
C:\FIS\demo_dataset\01-images_exported\demoplate_01/demoplate_01_s32t6.tif|C:\FIS\demo_dataset\03-images_renamed/demoplate_01/W0004--fsk_809--5/P001--fsk_809--5/demoplate_01--fsk_809--5--W0004--P001--T0005--C00.tif
C:\FIS\demo_dataset\01-images_exported\demoplate_01/demoplate_01_s32t7.tif|C:\FIS\demo_dataset\03-images_renamed/demoplate_01/W0004--fsk_809--5/P001--fsk_809--5/demoplate_01--fsk_809--5--W0004--P001--T0006--C00.tif
C:\FIS\demo_dataset\01-images_exported\demoplate_01/demoplate_01_s33t1.tif|C:\FIS\demo_dataset\03-images_renamed/demoplate_01/W0005--fsk_770--0.008/P001--fsk_770--0.008/demoplate_01--fsk_770--0.008--W0005--P001--T0000--C00.tif
C:\FIS\demo_dataset\01-images_exported\demoplate_01/demoplate_01_s33t2.tif|C:\FIS\demo_dataset\03-images_renamed/demoplate_01/W0005--fsk_770--0.008/P001--fsk_770--0.008/demoplate_01--fsk_770--0.008--W0005--P001--T0001--C00.tif
C:\FIS\demo_dataset\01-images_exported\demoplate_01/demoplate_01_s33t3.tif|C:\FIS\demo_dataset\03-images_renamed/demoplate_01/W0005--fsk_770--0.008/P001--fsk_770--0.008/demoplate_01--fsk_770--0.008--W0005--P001--T0002--C00.tif
C:\FIS\demo_dataset\01-images_exported\demoplate_01/demoplate_01_s33t4.tif|C:\FIS\demo_dataset\03-images_renamed/demoplate_01/W0005--fsk_770--0.008/P001--fsk_770--0.008/demoplate_01--fsk_770--0.008--W0005--P001--T0003--C00.tif
C:\FIS\demo_dataset\01-images_exported\demoplate_01/demoplate_01_s33t5.tif|C:\FIS\demo_dataset\03-images_renamed/demoplate_01/W0005--fsk_770--0.008/P001--fsk_770--0.008/demoplate_01--fsk_770--0.008--W0005--P001--T0004--C00.tif
C:\FIS\demo_dataset\01-images_exported\demoplate_01/demoplate_01_s33t6.tif|C:\FIS\demo_dataset\03-images_renamed/demoplate_01/W0005--fsk_770--0.008/P001--fsk_770--0.008/demoplate_01--fsk_770--0.008--W0005--P001--T0005--C00.tif
C:\FIS\demo_dataset\01-images_exported\demoplate_01/demoplate_01_s33t7.tif|C:\FIS\demo_dataset\03-images_renamed/demoplate_01/W0005--fsk_770--0.008/P001--fsk_770--0.008/demoplate_01--fsk_770--0.008--W0005--P001--T0006--C00.tif
C:\FIS\demo_dataset\01-images_exported\demoplate_01/demoplate_01_s34t1.tif|C:\FIS\demo_dataset\03-images_renamed/demoplate_01/W0017--fsk_770--0.008/P001--fsk_770--0.008/demoplate_01--fsk_770--0.008--W0017--P001--T0000--C00.tif
C:\FIS\demo_dataset\01-images_exported\demoplate_01/demoplate_01_s34t2.tif|C:\FIS\demo_dataset\03-images_renamed/demoplate_01/W0017--fsk_770--0.008/P001--fsk_770--0.008/demoplate_01--fsk_770--0.008--W0017--P001--T0001--C00.tif
C:\FIS\demo_dataset\01-images_exported\demoplate_01/demoplate_01_s34t3.tif|C:\FIS\demo_dataset\03-images_renamed/demoplate_01/W0017--fsk_770--0.008/P001--fsk_770--0.008/demoplate_01--fsk_770--0.008--W0017--P001--T0002--C00.tif
C:\FIS\demo_dataset\01-images_exported\demoplate_01/demoplate_01_s34t4.tif|C:\FIS\demo_dataset\03-images_renamed/demoplate_01/W0017--fsk_770--0.008/P001--fsk_770--0.008/demoplate_01--fsk_770--0.008--W0017--P001--T0003--C00.tif
C:\FIS\demo_dataset\01-images_exported\demoplate_01/demoplate_01_s34t5.tif|C:\FIS\demo_dataset\03-images_renamed/demoplate_01/W0017--fsk_770--0.008/P001--fsk_770--0.008/demoplate_01--fsk_770--0.008--W0017--P001--T0004--C00.tif
C:\FIS\demo_dataset\01-images_exported\demoplate_01/demoplate_01_s34t6.tif|C:\FIS\demo_dataset\03-images_renamed/demoplate_01/W0017--fsk_770--0.008/P001--fsk_770--0.008/demoplate_01--fsk_770--0.008--W0017--P001--T0005--C00.tif
C:\FIS\demo_dataset\01-images_exported\demoplate_01/demoplate_01_s34t7.tif|C:\FIS\demo_dataset\03-images_renamed/demoplate_01/W0017--fsk_770--0.008/P001--fsk_770--0.008/demoplate_01--fsk_770--0.008--W0017--P001--T0006--C00.tif
C:\FIS\demo_dataset\01-images_exported\demoplate_01/demoplate_01_s35t1.tif|C:\FIS\demo_dataset\03-images_renamed/demoplate_01/W0029--fsk_770--0.02/P001--fsk_770--0.02/demoplate_01--fsk_770--0.02--W0029--P001--T0000--C00.tif
C:\FIS\demo_dataset\01-images_exported\demoplate_01/demoplate_01_s35t2.tif|C:\FIS\demo_dataset\03-images_renamed/demoplate_01/W0029--fsk_770--0.02/P001--fsk_770--0.02/demoplate_01--fsk_770--0.02--W0029--P001--T0001--C00.tif
C:\FIS\demo_dataset\01-images_exported\demoplate_01/demoplate_01_s35t3.tif|C:\FIS\demo_dataset\03-images_renamed/demoplate_01/W0029--fsk_770--0.02/P001--fsk_770--0.02/demoplate_01--fsk_770--0.02--W0029--P001--T0002--C00.tif
C:\FIS\demo_dataset\01-images_exported\demoplate_01/demoplate_01_s35t4.tif|C:\FIS\demo_dataset\03-images_renamed/demoplate_01/W0029--fsk_770--0.02/P001--fsk_770--0.02/demoplate_01--fsk_770--0.02--W0029--P001--T0003--C00.tif
C:\FIS\demo_dataset\01-images_exported\demoplate_01/demoplate_01_s35t5.tif|C:\FIS\demo_dataset\03-images_renamed/demoplate_01/W0029--fsk_770--0.02/P001--fsk_770--0.02/demoplate_01--fsk_770--0.02--W0029--P001--T0004--C00.tif
C:\FIS\demo_dataset\01-images_exported\demoplate_01/demoplate_01_s35t6.tif|C:\FIS\demo_dataset\03-images_renamed/demoplate_01/W0029--fsk_770--0.02/P001--fsk_770--0.02/demoplate_01--fsk_770--0.02--W0029--P001--T0005--C00.tif
C:\FIS\demo_dataset\01-images_exported\demoplate_01/demoplate_01_s35t7.tif|C:\FIS\demo_dataset\03-images_renamed/demoplate_01/W0029--fsk_770--0.02/P001--fsk_770--0.02/demoplate_01--fsk_770--0.02--W0029--P001--T0006--C00.tif
C:\FIS\demo_dataset\01-images_exported\demoplate_01/demoplate_01_s36t1.tif|C:\FIS\demo_dataset\03-images_renamed/demoplate_01/W0041--fsk_770--0.02/P001--fsk_770--0.02/demoplate_01--fsk_770--0.02--W0041--P001--T0000--C00.tif
C:\FIS\demo_dataset\01-images_exported\demoplate_01/demoplate_01_s36t2.tif|C:\FIS\demo_dataset\03-images_renamed/demoplate_01/W0041--fsk_770--0.02/P001--fsk_770--0.02/demoplate_01--fsk_770--0.02--W0041--P001--T0001--C00.tif
C:\FIS\demo_dataset\01-images_exported\demoplate_01/demoplate_01_s36t3.tif|C:\FIS\demo_dataset\03-images_renamed/demoplate_01/W0041--fsk_770--0.02/P001--fsk_770--0.02/demoplate_01--fsk_770--0.02--W0041--P001--T0002--C00.tif
C:\FIS\demo_dataset\01-images_exported\demoplate_01/demoplate_01_s36t4.tif|C:\FIS\demo_dataset\03-images_renamed/demoplate_01/W0041--fsk_770--0.02/P001--fsk_770--0.02/demoplate_01--fsk_770--0.02--W0041--P001--T0003--C00.tif
C:\FIS\demo_dataset\01-images_exported\demoplate_01/demoplate_01_s36t5.tif|C:\FIS\demo_dataset\03-images_renamed/demoplate_01/W0041--fsk_770--0.02/P001--fsk_770--0.02/demoplate_01--fsk_770--0.02--W0041--P001--T0004--C00.tif
C:\FIS\demo_dataset\01-images_exported\demoplate_01/demoplate_01_s36t6.tif|C:\FIS\demo_dataset\03-images_renamed/demoplate_01/W0041--fsk_770--0.02/P001--fsk_770--0.02/demoplate_01--fsk_770--0.02--W0041--P001--T0005--C00.tif
C:\FIS\demo_dataset\01-images_exported\demoplate_01/demoplate_01_s36t7.tif|C:\FIS\demo_dataset\03-images_renamed/demoplate_01/W0041--fsk_770--0.02/P001--fsk_770--0.02/demoplate_01--fsk_770--0.02--W0041--P001--T0006--C00.tif
C:\FIS\demo_dataset\01-images_exported\demoplate_01/demoplate_01_s37t1.tif|C:\FIS\demo_dataset\03-images_renamed/demoplate_01/W0053--fsk_770--0.05/P001--fsk_770--0.05/demoplate_01--fsk_770--0.05--W0053--P001--T0000--C00.tif
C:\FIS\demo_dataset\01-images_exported\demoplate_01/demoplate_01_s37t2.tif|C:\FIS\demo_dataset\03-images_renamed/demoplate_01/W0053--fsk_770--0.05/P001--fsk_770--0.05/demoplate_01--fsk_770--0.05--W0053--P001--T0001--C00.tif
C:\FIS\demo_dataset\01-images_exported\demoplate_01/demoplate_01_s37t3.tif|C:\FIS\demo_dataset\03-images_renamed/demoplate_01/W0053--fsk_770--0.05/P001--fsk_770--0.05/demoplate_01--fsk_770--0.05--W0053--P001--T0002--C00.tif
C:\FIS\demo_dataset\01-images_exported\demoplate_01/demoplate_01_s37t4.tif|C:\FIS\demo_dataset\03-images_renamed/demoplate_01/W0053--fsk_770--0.05/P001--fsk_770--0.05/demoplate_01--fsk_770--0.05--W0053--P001--T0003--C00.tif
C:\FIS\demo_dataset\01-images_exported\demoplate_01/demoplate_01_s37t5.tif|C:\FIS\demo_dataset\03-images_renamed/demoplate_01/W0053--fsk_770--0.05/P001--fsk_770--0.05/demoplate_01--fsk_770--0.05--W0053--P001--T0004--C00.tif
C:\FIS\demo_dataset\01-images_exported\demoplate_01/demoplate_01_s37t6.tif|C:\FIS\demo_dataset\03-images_renamed/demoplate_01/W0053--fsk_770--0.05/P001--fsk_770--0.05/demoplate_01--fsk_770--0.05--W0053--P001--T0005--C00.tif
C:\FIS\demo_dataset\01-images_exported\demoplate_01/demoplate_01_s37t7.tif|C:\FIS\demo_dataset\03-images_renamed/demoplate_01/W0053--fsk_770--0.05/P001--fsk_770--0.05/demoplate_01--fsk_770--0.05--W0053--P001--T0006--C00.tif
C:\FIS\demo_dataset\01-images_exported\demoplate_01/demoplate_01_s38t1.tif|C:\FIS\demo_dataset\03-images_renamed/demoplate_01/W0065--fsk_770--0.05/P001--fsk_770--0.05/demoplate_01--fsk_770--0.05--W0065--P001--T0000--C00.tif
C:\FIS\demo_dataset\01-images_exported\demoplate_01/demoplate_01_s38t2.tif|C:\FIS\demo_dataset\03-images_renamed/demoplate_01/W0065--fsk_770--0.05/P001--fsk_770--0.05/demoplate_01--fsk_770--0.05--W0065--P001--T0001--C00.tif
C:\FIS\demo_dataset\01-images_exported\demoplate_01/demoplate_01_s38t3.tif|C:\FIS\demo_dataset\03-images_renamed/demoplate_01/W0065--fsk_770--0.05/P001--fsk_770--0.05/demoplate_01--fsk_770--0.05--W0065--P001--T0002--C00.tif
C:\FIS\demo_dataset\01-images_exported\demoplate_01/demoplate_01_s38t4.tif|C:\FIS\demo_dataset\03-images_renamed/demoplate_01/W0065--fsk_770--0.05/P001--fsk_770--0.05/demoplate_01--fsk_770--0.05--W0065--P001--T0003--C00.tif
C:\FIS\demo_dataset\01-images_exported\demoplate_01/demoplate_01_s38t5.tif|C:\FIS\demo_dataset\03-images_renamed/demoplate_01/W0065--fsk_770--0.05/P001--fsk_770--0.05/demoplate_01--fsk_770--0.05--W0065--P001--T0004--C00.tif
C:\FIS\demo_dataset\01-images_exported\demoplate_01/demoplate_01_s38t6.tif|C:\FIS\demo_dataset\03-images_renamed/demoplate_01/W0065--fsk_770--0.05/P001--fsk_770--0.05/demoplate_01--fsk_770--0.05--W0065--P001--T0005--C00.tif
C:\FIS\demo_dataset\01-images_exported\demoplate_01/demoplate_01_s38t7.tif|C:\FIS\demo_dataset\03-images_renamed/demoplate_01/W0065--fsk_770--0.05/P001--fsk_770--0.05/demoplate_01--fsk_770--0.05--W0065--P001--T0006--C00.tif
C:\FIS\demo_dataset\01-images_exported\demoplate_01/demoplate_01_s39t1.tif|C:\FIS\demo_dataset\03-images_renamed/demoplate_01/W0077--fsk_770--0.128/P001--fsk_770--0.128/demoplate_01--fsk_770--0.128--W0077--P001--T0000--C00.tif
C:\FIS\demo_dataset\01-images_exported\demoplate_01/demoplate_01_s39t2.tif|C:\FIS\demo_dataset\03-images_renamed/demoplate_01/W0077--fsk_770--0.128/P001--fsk_770--0.128/demoplate_01--fsk_770--0.128--W0077--P001--T0001--C00.tif
C:\FIS\demo_dataset\01-images_exported\demoplate_01/demoplate_01_s39t3.tif|C:\FIS\demo_dataset\03-images_renamed/demoplate_01/W0077--fsk_770--0.128/P001--fsk_770--0.128/demoplate_01--fsk_770--0.128--W0077--P001--T0002--C00.tif
C:\FIS\demo_dataset\01-images_exported\demoplate_01/demoplate_01_s39t4.tif|C:\FIS\demo_dataset\03-images_renamed/demoplate_01/W0077--fsk_770--0.128/P001--fsk_770--0.128/demoplate_01--fsk_770--0.128--W0077--P001--T0003--C00.tif
C:\FIS\demo_dataset\01-images_exported\demoplate_01/demoplate_01_s39t5.tif|C:\FIS\demo_dataset\03-images_renamed/demoplate_01/W0077--fsk_770--0.128/P001--fsk_770--0.128/demoplate_01--fsk_770--0.128--W0077--P001--T0004--C00.tif
C:\FIS\demo_dataset\01-images_exported\demoplate_01/demoplate_01_s39t6.tif|C:\FIS\demo_dataset\03-images_renamed/demoplate_01/W0077--fsk_770--0.128/P001--fsk_770--0.128/demoplate_01--fsk_770--0.128--W0077--P001--T0005--C00.tif
C:\FIS\demo_dataset\01-images_exported\demoplate_01/demoplate_01_s39t7.tif|C:\FIS\demo_dataset\03-images_renamed/demoplate_01/W0077--fsk_770--0.128/P001--fsk_770--0.128/demoplate_01--fsk_770--0.128--W0077--P001--T0006--C00.tif
C:\FIS\demo_dataset\01-images_exported\demoplate_01/demoplate_01_s40t1.tif|C:\FIS\demo_dataset\03-images_renamed/demoplate_01/W0089--fsk_770--0.128/P001--fsk_770--0.128/demoplate_01--fsk_770--0.128--W0089--P001--T0000--C00.tif
C:\FIS\demo_dataset\01-images_exported\demoplate_01/demoplate_01_s40t2.tif|C:\FIS\demo_dataset\03-images_renamed/demoplate_01/W0089--fsk_770--0.128/P001--fsk_770--0.128/demoplate_01--fsk_770--0.128--W0089--P001--T0001--C00.tif
C:\FIS\demo_dataset\01-images_exported\demoplate_01/demoplate_01_s40t3.tif|C:\FIS\demo_dataset\03-images_renamed/demoplate_01/W0089--fsk_770--0.128/P001--fsk_770--0.128/demoplate_01--fsk_770--0.128--W0089--P001--T0002--C00.tif
C:\FIS\demo_dataset\01-images_exported\demoplate_01/demoplate_01_s40t4.tif|C:\FIS\demo_dataset\03-images_renamed/demoplate_01/W0089--fsk_770--0.128/P001--fsk_770--0.128/demoplate_01--fsk_770--0.128--W0089--P001--T0003--C00.tif
C:\FIS\demo_dataset\01-images_exported\demoplate_01/demoplate_01_s40t5.tif|C:\FIS\demo_dataset\03-images_renamed/demoplate_01/W0089--fsk_770--0.128/P001--fsk_770--0.128/demoplate_01--fsk_770--0.128--W0089--P001--T0004--C00.tif
C:\FIS\demo_dataset\01-images_exported\demoplate_01/demoplate_01_s40t6.tif|C:\FIS\demo_dataset\03-images_renamed/demoplate_01/W0089--fsk_770--0.128/P001--fsk_770--0.128/demoplate_01--fsk_770--0.128--W0089--P001--T0005--C00.tif
C:\FIS\demo_dataset\01-images_exported\demoplate_01/demoplate_01_s40t7.tif|C:\FIS\demo_dataset\03-images_renamed/demoplate_01/W0089--fsk_770--0.128/P001--fsk_770--0.128/demoplate_01--fsk_770--0.128--W0089--P001--T0006--C00.tif
C:\FIS\demo_dataset\01-images_exported\demoplate_01/demoplate_01_s41t1.tif|C:\FIS\demo_dataset\03-images_renamed/demoplate_01/W0090--fsk_770--0.32/P001--fsk_770--0.32/demoplate_01--fsk_770--0.32--W0090--P001--T0000--C00.tif
C:\FIS\demo_dataset\01-images_exported\demoplate_01/demoplate_01_s41t2.tif|C:\FIS\demo_dataset\03-images_renamed/demoplate_01/W0090--fsk_770--0.32/P001--fsk_770--0.32/demoplate_01--fsk_770--0.32--W0090--P001--T0001--C00.tif
C:\FIS\demo_dataset\01-images_exported\demoplate_01/demoplate_01_s41t3.tif|C:\FIS\demo_dataset\03-images_renamed/demoplate_01/W0090--fsk_770--0.32/P001--fsk_770--0.32/demoplate_01--fsk_770--0.32--W0090--P001--T0002--C00.tif
C:\FIS\demo_dataset\01-images_exported\demoplate_01/demoplate_01_s41t4.tif|C:\FIS\demo_dataset\03-images_renamed/demoplate_01/W0090--fsk_770--0.32/P001--fsk_770--0.32/demoplate_01--fsk_770--0.32--W0090--P001--T0003--C00.tif
C:\FIS\demo_dataset\01-images_exported\demoplate_01/demoplate_01_s41t5.tif|C:\FIS\demo_dataset\03-images_renamed/demoplate_01/W0090--fsk_770--0.32/P001--fsk_770--0.32/demoplate_01--fsk_770--0.32--W0090--P001--T0004--C00.tif
C:\FIS\demo_dataset\01-images_exported\demoplate_01/demoplate_01_s41t6.tif|C:\FIS\demo_dataset\03-images_renamed/demoplate_01/W0090--fsk_770--0.32/P001--fsk_770--0.32/demoplate_01--fsk_770--0.32--W0090--P001--T0005--C00.tif
C:\FIS\demo_dataset\01-images_exported\demoplate_01/demoplate_01_s41t7.tif|C:\FIS\demo_dataset\03-images_renamed/demoplate_01/W0090--fsk_770--0.32/P001--fsk_770--0.32/demoplate_01--fsk_770--0.32--W0090--P001--T0006--C00.tif
C:\FIS\demo_dataset\01-images_exported\demoplate_01/demoplate_01_s42t1.tif|C:\FIS\demo_dataset\03-images_renamed/demoplate_01/W0078--fsk_770--0.32/P001--fsk_770--0.32/demoplate_01--fsk_770--0.32--W0078--P001--T0000--C00.tif
C:\FIS\demo_dataset\01-images_exported\demoplate_01/demoplate_01_s42t2.tif|C:\FIS\demo_dataset\03-images_renamed/demoplate_01/W0078--fsk_770--0.32/P001--fsk_770--0.32/demoplate_01--fsk_770--0.32--W0078--P001--T0001--C00.tif
C:\FIS\demo_dataset\01-images_exported\demoplate_01/demoplate_01_s42t3.tif|C:\FIS\demo_dataset\03-images_renamed/demoplate_01/W0078--fsk_770--0.32/P001--fsk_770--0.32/demoplate_01--fsk_770--0.32--W0078--P001--T0002--C00.tif
C:\FIS\demo_dataset\01-images_exported\demoplate_01/demoplate_01_s42t4.tif|C:\FIS\demo_dataset\03-images_renamed/demoplate_01/W0078--fsk_770--0.32/P001--fsk_770--0.32/demoplate_01--fsk_770--0.32--W0078--P001--T0003--C00.tif
C:\FIS\demo_dataset\01-images_exported\demoplate_01/demoplate_01_s42t5.tif|C:\FIS\demo_dataset\03-images_renamed/demoplate_01/W0078--fsk_770--0.32/P001--fsk_770--0.32/demoplate_01--fsk_770--0.32--W0078--P001--T0004--C00.tif
C:\FIS\demo_dataset\01-images_exported\demoplate_01/demoplate_01_s42t6.tif|C:\FIS\demo_dataset\03-images_renamed/demoplate_01/W0078--fsk_770--0.32/P001--fsk_770--0.32/demoplate_01--fsk_770--0.32--W0078--P001--T0005--C00.tif
C:\FIS\demo_dataset\01-images_exported\demoplate_01/demoplate_01_s42t7.tif|C:\FIS\demo_dataset\03-images_renamed/demoplate_01/W0078--fsk_770--0.32/P001--fsk_770--0.32/demoplate_01--fsk_770--0.32--W0078--P001--T0006--C00.tif
C:\FIS\demo_dataset\01-images_exported\demoplate_01/demoplate_01_s43t1.tif|C:\FIS\demo_dataset\03-images_renamed/demoplate_01/W0066--fsk_770--0.8/P001--fsk_770--0.8/demoplate_01--fsk_770--0.8--W0066--P001--T0000--C00.tif
C:\FIS\demo_dataset\01-images_exported\demoplate_01/demoplate_01_s43t2.tif|C:\FIS\demo_dataset\03-images_renamed/demoplate_01/W0066--fsk_770--0.8/P001--fsk_770--0.8/demoplate_01--fsk_770--0.8--W0066--P001--T0001--C00.tif
C:\FIS\demo_dataset\01-images_exported\demoplate_01/demoplate_01_s43t3.tif|C:\FIS\demo_dataset\03-images_renamed/demoplate_01/W0066--fsk_770--0.8/P001--fsk_770--0.8/demoplate_01--fsk_770--0.8--W0066--P001--T0002--C00.tif
C:\FIS\demo_dataset\01-images_exported\demoplate_01/demoplate_01_s43t4.tif|C:\FIS\demo_dataset\03-images_renamed/demoplate_01/W0066--fsk_770--0.8/P001--fsk_770--0.8/demoplate_01--fsk_770--0.8--W0066--P001--T0003--C00.tif
C:\FIS\demo_dataset\01-images_exported\demoplate_01/demoplate_01_s43t5.tif|C:\FIS\demo_dataset\03-images_renamed/demoplate_01/W0066--fsk_770--0.8/P001--fsk_770--0.8/demoplate_01--fsk_770--0.8--W0066--P001--T0004--C00.tif
C:\FIS\demo_dataset\01-images_exported\demoplate_01/demoplate_01_s43t6.tif|C:\FIS\demo_dataset\03-images_renamed/demoplate_01/W0066--fsk_770--0.8/P001--fsk_770--0.8/demoplate_01--fsk_770--0.8--W0066--P001--T0005--C00.tif
C:\FIS\demo_dataset\01-images_exported\demoplate_01/demoplate_01_s43t7.tif|C:\FIS\demo_dataset\03-images_renamed/demoplate_01/W0066--fsk_770--0.8/P001--fsk_770--0.8/demoplate_01--fsk_770--0.8--W0066--P001--T0006--C00.tif
C:\FIS\demo_dataset\01-images_exported\demoplate_01/demoplate_01_s44t1.tif|C:\FIS\demo_dataset\03-images_renamed/demoplate_01/W0054--fsk_770--0.8/P001--fsk_770--0.8/demoplate_01--fsk_770--0.8--W0054--P001--T0000--C00.tif
C:\FIS\demo_dataset\01-images_exported\demoplate_01/demoplate_01_s44t2.tif|C:\FIS\demo_dataset\03-images_renamed/demoplate_01/W0054--fsk_770--0.8/P001--fsk_770--0.8/demoplate_01--fsk_770--0.8--W0054--P001--T0001--C00.tif
C:\FIS\demo_dataset\01-images_exported\demoplate_01/demoplate_01_s44t3.tif|C:\FIS\demo_dataset\03-images_renamed/demoplate_01/W0054--fsk_770--0.8/P001--fsk_770--0.8/demoplate_01--fsk_770--0.8--W0054--P001--T0002--C00.tif
C:\FIS\demo_dataset\01-images_exported\demoplate_01/demoplate_01_s44t4.tif|C:\FIS\demo_dataset\03-images_renamed/demoplate_01/W0054--fsk_770--0.8/P001--fsk_770--0.8/demoplate_01--fsk_770--0.8--W0054--P001--T0003--C00.tif
C:\FIS\demo_dataset\01-images_exported\demoplate_01/demoplate_01_s44t5.tif|C:\FIS\demo_dataset\03-images_renamed/demoplate_01/W0054--fsk_770--0.8/P001--fsk_770--0.8/demoplate_01--fsk_770--0.8--W0054--P001--T0004--C00.tif
C:\FIS\demo_dataset\01-images_exported\demoplate_01/demoplate_01_s44t6.tif|C:\FIS\demo_dataset\03-images_renamed/demoplate_01/W0054--fsk_770--0.8/P001--fsk_770--0.8/demoplate_01--fsk_770--0.8--W0054--P001--T0005--C00.tif
C:\FIS\demo_dataset\01-images_exported\demoplate_01/demoplate_01_s44t7.tif|C:\FIS\demo_dataset\03-images_renamed/demoplate_01/W0054--fsk_770--0.8/P001--fsk_770--0.8/demoplate_01--fsk_770--0.8--W0054--P001--T0006--C00.tif
C:\FIS\demo_dataset\01-images_exported\demoplate_01/demoplate_01_s45t1.tif|C:\FIS\demo_dataset\03-images_renamed/demoplate_01/W0042--fsk_770--2/P001--fsk_770--2/demoplate_01--fsk_770--2--W0042--P001--T0000--C00.tif
C:\FIS\demo_dataset\01-images_exported\demoplate_01/demoplate_01_s45t2.tif|C:\FIS\demo_dataset\03-images_renamed/demoplate_01/W0042--fsk_770--2/P001--fsk_770--2/demoplate_01--fsk_770--2--W0042--P001--T0001--C00.tif
C:\FIS\demo_dataset\01-images_exported\demoplate_01/demoplate_01_s45t3.tif|C:\FIS\demo_dataset\03-images_renamed/demoplate_01/W0042--fsk_770--2/P001--fsk_770--2/demoplate_01--fsk_770--2--W0042--P001--T0002--C00.tif
C:\FIS\demo_dataset\01-images_exported\demoplate_01/demoplate_01_s45t4.tif|C:\FIS\demo_dataset\03-images_renamed/demoplate_01/W0042--fsk_770--2/P001--fsk_770--2/demoplate_01--fsk_770--2--W0042--P001--T0003--C00.tif
C:\FIS\demo_dataset\01-images_exported\demoplate_01/demoplate_01_s45t5.tif|C:\FIS\demo_dataset\03-images_renamed/demoplate_01/W0042--fsk_770--2/P001--fsk_770--2/demoplate_01--fsk_770--2--W0042--P001--T0004--C00.tif
C:\FIS\demo_dataset\01-images_exported\demoplate_01/demoplate_01_s45t6.tif|C:\FIS\demo_dataset\03-images_renamed/demoplate_01/W0042--fsk_770--2/P001--fsk_770--2/demoplate_01--fsk_770--2--W0042--P001--T0005--C00.tif
C:\FIS\demo_dataset\01-images_exported\demoplate_01/demoplate_01_s45t7.tif|C:\FIS\demo_dataset\03-images_renamed/demoplate_01/W0042--fsk_770--2/P001--fsk_770--2/demoplate_01--fsk_770--2--W0042--P001--T0006--C00.tif
C:\FIS\demo_dataset\01-images_exported\demoplate_01/demoplate_01_s46t1.tif|C:\FIS\demo_dataset\03-images_renamed/demoplate_01/W0030--fsk_770--2/P001--fsk_770--2/demoplate_01--fsk_770--2--W0030--P001--T0000--C00.tif
C:\FIS\demo_dataset\01-images_exported\demoplate_01/demoplate_01_s46t2.tif|C:\FIS\demo_dataset\03-images_renamed/demoplate_01/W0030--fsk_770--2/P001--fsk_770--2/demoplate_01--fsk_770--2--W0030--P001--T0001--C00.tif
C:\FIS\demo_dataset\01-images_exported\demoplate_01/demoplate_01_s46t3.tif|C:\FIS\demo_dataset\03-images_renamed/demoplate_01/W0030--fsk_770--2/P001--fsk_770--2/demoplate_01--fsk_770--2--W0030--P001--T0002--C00.tif
C:\FIS\demo_dataset\01-images_exported\demoplate_01/demoplate_01_s46t4.tif|C:\FIS\demo_dataset\03-images_renamed/demoplate_01/W0030--fsk_770--2/P001--fsk_770--2/demoplate_01--fsk_770--2--W0030--P001--T0003--C00.tif
C:\FIS\demo_dataset\01-images_exported\demoplate_01/demoplate_01_s46t5.tif|C:\FIS\demo_dataset\03-images_renamed/demoplate_01/W0030--fsk_770--2/P001--fsk_770--2/demoplate_01--fsk_770--2--W0030--P001--T0004--C00.tif
C:\FIS\demo_dataset\01-images_exported\demoplate_01/demoplate_01_s46t6.tif|C:\FIS\demo_dataset\03-images_renamed/demoplate_01/W0030--fsk_770--2/P001--fsk_770--2/demoplate_01--fsk_770--2--W0030--P001--T0005--C00.tif
C:\FIS\demo_dataset\01-images_exported\demoplate_01/demoplate_01_s46t7.tif|C:\FIS\demo_dataset\03-images_renamed/demoplate_01/W0030--fsk_770--2/P001--fsk_770--2/demoplate_01--fsk_770--2--W0030--P001--T0006--C00.tif
C:\FIS\demo_dataset\01-images_exported\demoplate_01/demoplate_01_s47t1.tif|C:\FIS\demo_dataset\03-images_renamed/demoplate_01/W0018--fsk_770--5/P001--fsk_770--5/demoplate_01--fsk_770--5--W0018--P001--T0000--C00.tif
C:\FIS\demo_dataset\01-images_exported\demoplate_01/demoplate_01_s47t2.tif|C:\FIS\demo_dataset\03-images_renamed/demoplate_01/W0018--fsk_770--5/P001--fsk_770--5/demoplate_01--fsk_770--5--W0018--P001--T0001--C00.tif
C:\FIS\demo_dataset\01-images_exported\demoplate_01/demoplate_01_s47t3.tif|C:\FIS\demo_dataset\03-images_renamed/demoplate_01/W0018--fsk_770--5/P001--fsk_770--5/demoplate_01--fsk_770--5--W0018--P001--T0002--C00.tif
C:\FIS\demo_dataset\01-images_exported\demoplate_01/demoplate_01_s47t4.tif|C:\FIS\demo_dataset\03-images_renamed/demoplate_01/W0018--fsk_770--5/P001--fsk_770--5/demoplate_01--fsk_770--5--W0018--P001--T0003--C00.tif
C:\FIS\demo_dataset\01-images_exported\demoplate_01/demoplate_01_s47t5.tif|C:\FIS\demo_dataset\03-images_renamed/demoplate_01/W0018--fsk_770--5/P001--fsk_770--5/demoplate_01--fsk_770--5--W0018--P001--T0004--C00.tif
C:\FIS\demo_dataset\01-images_exported\demoplate_01/demoplate_01_s47t6.tif|C:\FIS\demo_dataset\03-images_renamed/demoplate_01/W0018--fsk_770--5/P001--fsk_770--5/demoplate_01--fsk_770--5--W0018--P001--T0005--C00.tif
C:\FIS\demo_dataset\01-images_exported\demoplate_01/demoplate_01_s47t7.tif|C:\FIS\demo_dataset\03-images_renamed/demoplate_01/W0018--fsk_770--5/P001--fsk_770--5/demoplate_01--fsk_770--5--W0018--P001--T0006--C00.tif
C:\FIS\demo_dataset\01-images_exported\demoplate_01/demoplate_01_s48t1.tif|C:\FIS\demo_dataset\03-images_renamed/demoplate_01/W0006--fsk_770--5/P001--fsk_770--5/demoplate_01--fsk_770--5--W0006--P001--T0000--C00.tif
C:\FIS\demo_dataset\01-images_exported\demoplate_01/demoplate_01_s48t2.tif|C:\FIS\demo_dataset\03-images_renamed/demoplate_01/W0006--fsk_770--5/P001--fsk_770--5/demoplate_01--fsk_770--5--W0006--P001--T0001--C00.tif
C:\FIS\demo_dataset\01-images_exported\demoplate_01/demoplate_01_s48t3.tif|C:\FIS\demo_dataset\03-images_renamed/demoplate_01/W0006--fsk_770--5/P001--fsk_770--5/demoplate_01--fsk_770--5--W0006--P001--T0002--C00.tif
C:\FIS\demo_dataset\01-images_exported\demoplate_01/demoplate_01_s48t4.tif|C:\FIS\demo_dataset\03-images_renamed/demoplate_01/W0006--fsk_770--5/P001--fsk_770--5/demoplate_01--fsk_770--5--W0006--P001--T0003--C00.tif
C:\FIS\demo_dataset\01-images_exported\demoplate_01/demoplate_01_s48t5.tif|C:\FIS\demo_dataset\03-images_renamed/demoplate_01/W0006--fsk_770--5/P001--fsk_770--5/demoplate_01--fsk_770--5--W0006--P001--T0004--C00.tif
C:\FIS\demo_dataset\01-images_exported\demoplate_01/demoplate_01_s48t6.tif|C:\FIS\demo_dataset\03-images_renamed/demoplate_01/W0006--fsk_770--5/P001--fsk_770--5/demoplate_01--fsk_770--5--W0006--P001--T0005--C00.tif
C:\FIS\demo_dataset\01-images_exported\demoplate_01/demoplate_01_s48t7.tif|C:\FIS\demo_dataset\03-images_renamed/demoplate_01/W0006--fsk_770--5/P001--fsk_770--5/demoplate_01--fsk_770--5--W0006--P001--T0006--C00.tif
C:\FIS\demo_dataset\01-images_exported\demoplate_01/demoplate_01_s49t1.tif|C:\FIS\demo_dataset\03-images_renamed/demoplate_01/W0007--fsk_770_809--0.008/P001--fsk_770_809--0.008/demoplate_01--fsk_770_809--0.008--W0007--P001--T0000--C00.tif
C:\FIS\demo_dataset\01-images_exported\demoplate_01/demoplate_01_s49t2.tif|C:\FIS\demo_dataset\03-images_renamed/demoplate_01/W0007--fsk_770_809--0.008/P001--fsk_770_809--0.008/demoplate_01--fsk_770_809--0.008--W0007--P001--T0001--C00.tif
C:\FIS\demo_dataset\01-images_exported\demoplate_01/demoplate_01_s49t3.tif|C:\FIS\demo_dataset\03-images_renamed/demoplate_01/W0007--fsk_770_809--0.008/P001--fsk_770_809--0.008/demoplate_01--fsk_770_809--0.008--W0007--P001--T0002--C00.tif
C:\FIS\demo_dataset\01-images_exported\demoplate_01/demoplate_01_s49t4.tif|C:\FIS\demo_dataset\03-images_renamed/demoplate_01/W0007--fsk_770_809--0.008/P001--fsk_770_809--0.008/demoplate_01--fsk_770_809--0.008--W0007--P001--T0003--C00.tif
C:\FIS\demo_dataset\01-images_exported\demoplate_01/demoplate_01_s49t5.tif|C:\FIS\demo_dataset\03-images_renamed/demoplate_01/W0007--fsk_770_809--0.008/P001--fsk_770_809--0.008/demoplate_01--fsk_770_809--0.008--W0007--P001--T0004--C00.tif
C:\FIS\demo_dataset\01-images_exported\demoplate_01/demoplate_01_s49t6.tif|C:\FIS\demo_dataset\03-images_renamed/demoplate_01/W0007--fsk_770_809--0.008/P001--fsk_770_809--0.008/demoplate_01--fsk_770_809--0.008--W0007--P001--T0005--C00.tif
C:\FIS\demo_dataset\01-images_exported\demoplate_01/demoplate_01_s49t7.tif|C:\FIS\demo_dataset\03-images_renamed/demoplate_01/W0007--fsk_770_809--0.008/P001--fsk_770_809--0.008/demoplate_01--fsk_770_809--0.008--W0007--P001--T0006--C00.tif
C:\FIS\demo_dataset\01-images_exported\demoplate_01/demoplate_01_s50t1.tif|C:\FIS\demo_dataset\03-images_renamed/demoplate_01/W0019--fsk_770_809--0.008/P001--fsk_770_809--0.008/demoplate_01--fsk_770_809--0.008--W0019--P001--T0000--C00.tif
C:\FIS\demo_dataset\01-images_exported\demoplate_01/demoplate_01_s50t2.tif|C:\FIS\demo_dataset\03-images_renamed/demoplate_01/W0019--fsk_770_809--0.008/P001--fsk_770_809--0.008/demoplate_01--fsk_770_809--0.008--W0019--P001--T0001--C00.tif
C:\FIS\demo_dataset\01-images_exported\demoplate_01/demoplate_01_s50t3.tif|C:\FIS\demo_dataset\03-images_renamed/demoplate_01/W0019--fsk_770_809--0.008/P001--fsk_770_809--0.008/demoplate_01--fsk_770_809--0.008--W0019--P001--T0002--C00.tif
C:\FIS\demo_dataset\01-images_exported\demoplate_01/demoplate_01_s50t4.tif|C:\FIS\demo_dataset\03-images_renamed/demoplate_01/W0019--fsk_770_809--0.008/P001--fsk_770_809--0.008/demoplate_01--fsk_770_809--0.008--W0019--P001--T0003--C00.tif
C:\FIS\demo_dataset\01-images_exported\demoplate_01/demoplate_01_s50t5.tif|C:\FIS\demo_dataset\03-images_renamed/demoplate_01/W0019--fsk_770_809--0.008/P001--fsk_770_809--0.008/demoplate_01--fsk_770_809--0.008--W0019--P001--T0004--C00.tif
C:\FIS\demo_dataset\01-images_exported\demoplate_01/demoplate_01_s50t6.tif|C:\FIS\demo_dataset\03-images_renamed/demoplate_01/W0019--fsk_770_809--0.008/P001--fsk_770_809--0.008/demoplate_01--fsk_770_809--0.008--W0019--P001--T0005--C00.tif
C:\FIS\demo_dataset\01-images_exported\demoplate_01/demoplate_01_s50t7.tif|C:\FIS\demo_dataset\03-images_renamed/demoplate_01/W0019--fsk_770_809--0.008/P001--fsk_770_809--0.008/demoplate_01--fsk_770_809--0.008--W0019--P001--T0006--C00.tif
C:\FIS\demo_dataset\01-images_exported\demoplate_01/demoplate_01_s51t1.tif|C:\FIS\demo_dataset\03-images_renamed/demoplate_01/W0031--fsk_770_809--0.02/P001--fsk_770_809--0.02/demoplate_01--fsk_770_809--0.02--W0031--P001--T0000--C00.tif
C:\FIS\demo_dataset\01-images_exported\demoplate_01/demoplate_01_s51t2.tif|C:\FIS\demo_dataset\03-images_renamed/demoplate_01/W0031--fsk_770_809--0.02/P001--fsk_770_809--0.02/demoplate_01--fsk_770_809--0.02--W0031--P001--T0001--C00.tif
C:\FIS\demo_dataset\01-images_exported\demoplate_01/demoplate_01_s51t3.tif|C:\FIS\demo_dataset\03-images_renamed/demoplate_01/W0031--fsk_770_809--0.02/P001--fsk_770_809--0.02/demoplate_01--fsk_770_809--0.02--W0031--P001--T0002--C00.tif
C:\FIS\demo_dataset\01-images_exported\demoplate_01/demoplate_01_s51t4.tif|C:\FIS\demo_dataset\03-images_renamed/demoplate_01/W0031--fsk_770_809--0.02/P001--fsk_770_809--0.02/demoplate_01--fsk_770_809--0.02--W0031--P001--T0003--C00.tif
C:\FIS\demo_dataset\01-images_exported\demoplate_01/demoplate_01_s51t5.tif|C:\FIS\demo_dataset\03-images_renamed/demoplate_01/W0031--fsk_770_809--0.02/P001--fsk_770_809--0.02/demoplate_01--fsk_770_809--0.02--W0031--P001--T0004--C00.tif
C:\FIS\demo_dataset\01-images_exported\demoplate_01/demoplate_01_s51t6.tif|C:\FIS\demo_dataset\03-images_renamed/demoplate_01/W0031--fsk_770_809--0.02/P001--fsk_770_809--0.02/demoplate_01--fsk_770_809--0.02--W0031--P001--T0005--C00.tif
C:\FIS\demo_dataset\01-images_exported\demoplate_01/demoplate_01_s51t7.tif|C:\FIS\demo_dataset\03-images_renamed/demoplate_01/W0031--fsk_770_809--0.02/P001--fsk_770_809--0.02/demoplate_01--fsk_770_809--0.02--W0031--P001--T0006--C00.tif
C:\FIS\demo_dataset\01-images_exported\demoplate_01/demoplate_01_s52t1.tif|C:\FIS\demo_dataset\03-images_renamed/demoplate_01/W0043--fsk_770_809--0.02/P001--fsk_770_809--0.02/demoplate_01--fsk_770_809--0.02--W0043--P001--T0000--C00.tif
C:\FIS\demo_dataset\01-images_exported\demoplate_01/demoplate_01_s52t2.tif|C:\FIS\demo_dataset\03-images_renamed/demoplate_01/W0043--fsk_770_809--0.02/P001--fsk_770_809--0.02/demoplate_01--fsk_770_809--0.02--W0043--P001--T0001--C00.tif
C:\FIS\demo_dataset\01-images_exported\demoplate_01/demoplate_01_s52t3.tif|C:\FIS\demo_dataset\03-images_renamed/demoplate_01/W0043--fsk_770_809--0.02/P001--fsk_770_809--0.02/demoplate_01--fsk_770_809--0.02--W0043--P001--T0002--C00.tif
C:\FIS\demo_dataset\01-images_exported\demoplate_01/demoplate_01_s52t4.tif|C:\FIS\demo_dataset\03-images_renamed/demoplate_01/W0043--fsk_770_809--0.02/P001--fsk_770_809--0.02/demoplate_01--fsk_770_809--0.02--W0043--P001--T0003--C00.tif
C:\FIS\demo_dataset\01-images_exported\demoplate_01/demoplate_01_s52t5.tif|C:\FIS\demo_dataset\03-images_renamed/demoplate_01/W0043--fsk_770_809--0.02/P001--fsk_770_809--0.02/demoplate_01--fsk_770_809--0.02--W0043--P001--T0004--C00.tif
C:\FIS\demo_dataset\01-images_exported\demoplate_01/demoplate_01_s52t6.tif|C:\FIS\demo_dataset\03-images_renamed/demoplate_01/W0043--fsk_770_809--0.02/P001--fsk_770_809--0.02/demoplate_01--fsk_770_809--0.02--W0043--P001--T0005--C00.tif
C:\FIS\demo_dataset\01-images_exported\demoplate_01/demoplate_01_s52t7.tif|C:\FIS\demo_dataset\03-images_renamed/demoplate_01/W0043--fsk_770_809--0.02/P001--fsk_770_809--0.02/demoplate_01--fsk_770_809--0.02--W0043--P001--T0006--C00.tif
C:\FIS\demo_dataset\01-images_exported\demoplate_01/demoplate_01_s53t1.tif|C:\FIS\demo_dataset\03-images_renamed/demoplate_01/W0055--fsk_770_809--0.05/P001--fsk_770_809--0.05/demoplate_01--fsk_770_809--0.05--W0055--P001--T0000--C00.tif
C:\FIS\demo_dataset\01-images_exported\demoplate_01/demoplate_01_s53t2.tif|C:\FIS\demo_dataset\03-images_renamed/demoplate_01/W0055--fsk_770_809--0.05/P001--fsk_770_809--0.05/demoplate_01--fsk_770_809--0.05--W0055--P001--T0001--C00.tif
C:\FIS\demo_dataset\01-images_exported\demoplate_01/demoplate_01_s53t3.tif|C:\FIS\demo_dataset\03-images_renamed/demoplate_01/W0055--fsk_770_809--0.05/P001--fsk_770_809--0.05/demoplate_01--fsk_770_809--0.05--W0055--P001--T0002--C00.tif
C:\FIS\demo_dataset\01-images_exported\demoplate_01/demoplate_01_s53t4.tif|C:\FIS\demo_dataset\03-images_renamed/demoplate_01/W0055--fsk_770_809--0.05/P001--fsk_770_809--0.05/demoplate_01--fsk_770_809--0.05--W0055--P001--T0003--C00.tif
C:\FIS\demo_dataset\01-images_exported\demoplate_01/demoplate_01_s53t5.tif|C:\FIS\demo_dataset\03-images_renamed/demoplate_01/W0055--fsk_770_809--0.05/P001--fsk_770_809--0.05/demoplate_01--fsk_770_809--0.05--W0055--P001--T0004--C00.tif
C:\FIS\demo_dataset\01-images_exported\demoplate_01/demoplate_01_s53t6.tif|C:\FIS\demo_dataset\03-images_renamed/demoplate_01/W0055--fsk_770_809--0.05/P001--fsk_770_809--0.05/demoplate_01--fsk_770_809--0.05--W0055--P001--T0005--C00.tif
C:\FIS\demo_dataset\01-images_exported\demoplate_01/demoplate_01_s53t7.tif|C:\FIS\demo_dataset\03-images_renamed/demoplate_01/W0055--fsk_770_809--0.05/P001--fsk_770_809--0.05/demoplate_01--fsk_770_809--0.05--W0055--P001--T0006--C00.tif
C:\FIS\demo_dataset\01-images_exported\demoplate_01/demoplate_01_s54t1.tif|C:\FIS\demo_dataset\03-images_renamed/demoplate_01/W0067--fsk_770_809--0.05/P001--fsk_770_809--0.05/demoplate_01--fsk_770_809--0.05--W0067--P001--T0000--C00.tif
C:\FIS\demo_dataset\01-images_exported\demoplate_01/demoplate_01_s54t2.tif|C:\FIS\demo_dataset\03-images_renamed/demoplate_01/W0067--fsk_770_809--0.05/P001--fsk_770_809--0.05/demoplate_01--fsk_770_809--0.05--W0067--P001--T0001--C00.tif
C:\FIS\demo_dataset\01-images_exported\demoplate_01/demoplate_01_s54t3.tif|C:\FIS\demo_dataset\03-images_renamed/demoplate_01/W0067--fsk_770_809--0.05/P001--fsk_770_809--0.05/demoplate_01--fsk_770_809--0.05--W0067--P001--T0002--C00.tif
C:\FIS\demo_dataset\01-images_exported\demoplate_01/demoplate_01_s54t4.tif|C:\FIS\demo_dataset\03-images_renamed/demoplate_01/W0067--fsk_770_809--0.05/P001--fsk_770_809--0.05/demoplate_01--fsk_770_809--0.05--W0067--P001--T0003--C00.tif
C:\FIS\demo_dataset\01-images_exported\demoplate_01/demoplate_01_s54t5.tif|C:\FIS\demo_dataset\03-images_renamed/demoplate_01/W0067--fsk_770_809--0.05/P001--fsk_770_809--0.05/demoplate_01--fsk_770_809--0.05--W0067--P001--T0004--C00.tif
C:\FIS\demo_dataset\01-images_exported\demoplate_01/demoplate_01_s54t6.tif|C:\FIS\demo_dataset\03-images_renamed/demoplate_01/W0067--fsk_770_809--0.05/P001--fsk_770_809--0.05/demoplate_01--fsk_770_809--0.05--W0067--P001--T0005--C00.tif
C:\FIS\demo_dataset\01-images_exported\demoplate_01/demoplate_01_s54t7.tif|C:\FIS\demo_dataset\03-images_renamed/demoplate_01/W0067--fsk_770_809--0.05/P001--fsk_770_809--0.05/demoplate_01--fsk_770_809--0.05--W0067--P001--T0006--C00.tif
C:\FIS\demo_dataset\01-images_exported\demoplate_01/demoplate_01_s55t1.tif|C:\FIS\demo_dataset\03-images_renamed/demoplate_01/W0079--fsk_770_809--0.128/P001--fsk_770_809--0.128/demoplate_01--fsk_770_809--0.128--W0079--P001--T0000--C00.tif
C:\FIS\demo_dataset\01-images_exported\demoplate_01/demoplate_01_s55t2.tif|C:\FIS\demo_dataset\03-images_renamed/demoplate_01/W0079--fsk_770_809--0.128/P001--fsk_770_809--0.128/demoplate_01--fsk_770_809--0.128--W0079--P001--T0001--C00.tif
C:\FIS\demo_dataset\01-images_exported\demoplate_01/demoplate_01_s55t3.tif|C:\FIS\demo_dataset\03-images_renamed/demoplate_01/W0079--fsk_770_809--0.128/P001--fsk_770_809--0.128/demoplate_01--fsk_770_809--0.128--W0079--P001--T0002--C00.tif
C:\FIS\demo_dataset\01-images_exported\demoplate_01/demoplate_01_s55t4.tif|C:\FIS\demo_dataset\03-images_renamed/demoplate_01/W0079--fsk_770_809--0.128/P001--fsk_770_809--0.128/demoplate_01--fsk_770_809--0.128--W0079--P001--T0003--C00.tif
C:\FIS\demo_dataset\01-images_exported\demoplate_01/demoplate_01_s55t5.tif|C:\FIS\demo_dataset\03-images_renamed/demoplate_01/W0079--fsk_770_809--0.128/P001--fsk_770_809--0.128/demoplate_01--fsk_770_809--0.128--W0079--P001--T0004--C00.tif
C:\FIS\demo_dataset\01-images_exported\demoplate_01/demoplate_01_s55t6.tif|C:\FIS\demo_dataset\03-images_renamed/demoplate_01/W0079--fsk_770_809--0.128/P001--fsk_770_809--0.128/demoplate_01--fsk_770_809--0.128--W0079--P001--T0005--C00.tif
C:\FIS\demo_dataset\01-images_exported\demoplate_01/demoplate_01_s55t7.tif|C:\FIS\demo_dataset\03-images_renamed/demoplate_01/W0079--fsk_770_809--0.128/P001--fsk_770_809--0.128/demoplate_01--fsk_770_809--0.128--W0079--P001--T0006--C00.tif
C:\FIS\demo_dataset\01-images_exported\demoplate_01/demoplate_01_s56t1.tif|C:\FIS\demo_dataset\03-images_renamed/demoplate_01/W0091--fsk_770_809--0.128/P001--fsk_770_809--0.128/demoplate_01--fsk_770_809--0.128--W0091--P001--T0000--C00.tif
C:\FIS\demo_dataset\01-images_exported\demoplate_01/demoplate_01_s56t2.tif|C:\FIS\demo_dataset\03-images_renamed/demoplate_01/W0091--fsk_770_809--0.128/P001--fsk_770_809--0.128/demoplate_01--fsk_770_809--0.128--W0091--P001--T0001--C00.tif
C:\FIS\demo_dataset\01-images_exported\demoplate_01/demoplate_01_s56t3.tif|C:\FIS\demo_dataset\03-images_renamed/demoplate_01/W0091--fsk_770_809--0.128/P001--fsk_770_809--0.128/demoplate_01--fsk_770_809--0.128--W0091--P001--T0002--C00.tif
C:\FIS\demo_dataset\01-images_exported\demoplate_01/demoplate_01_s56t4.tif|C:\FIS\demo_dataset\03-images_renamed/demoplate_01/W0091--fsk_770_809--0.128/P001--fsk_770_809--0.128/demoplate_01--fsk_770_809--0.128--W0091--P001--T0003--C00.tif
C:\FIS\demo_dataset\01-images_exported\demoplate_01/demoplate_01_s56t5.tif|C:\FIS\demo_dataset\03-images_renamed/demoplate_01/W0091--fsk_770_809--0.128/P001--fsk_770_809--0.128/demoplate_01--fsk_770_809--0.128--W0091--P001--T0004--C00.tif
C:\FIS\demo_dataset\01-images_exported\demoplate_01/demoplate_01_s56t6.tif|C:\FIS\demo_dataset\03-images_renamed/demoplate_01/W0091--fsk_770_809--0.128/P001--fsk_770_809--0.128/demoplate_01--fsk_770_809--0.128--W0091--P001--T0005--C00.tif
C:\FIS\demo_dataset\01-images_exported\demoplate_01/demoplate_01_s56t7.tif|C:\FIS\demo_dataset\03-images_renamed/demoplate_01/W0091--fsk_770_809--0.128/P001--fsk_770_809--0.128/demoplate_01--fsk_770_809--0.128--W0091--P001--T0006--C00.tif
C:\FIS\demo_dataset\01-images_exported\demoplate_01/demoplate_01_s57t1.tif|C:\FIS\demo_dataset\03-images_renamed/demoplate_01/W0092--fsk_770_809--0.32/P001--fsk_770_809--0.32/demoplate_01--fsk_770_809--0.32--W0092--P001--T0000--C00.tif
C:\FIS\demo_dataset\01-images_exported\demoplate_01/demoplate_01_s57t2.tif|C:\FIS\demo_dataset\03-images_renamed/demoplate_01/W0092--fsk_770_809--0.32/P001--fsk_770_809--0.32/demoplate_01--fsk_770_809--0.32--W0092--P001--T0001--C00.tif
C:\FIS\demo_dataset\01-images_exported\demoplate_01/demoplate_01_s57t3.tif|C:\FIS\demo_dataset\03-images_renamed/demoplate_01/W0092--fsk_770_809--0.32/P001--fsk_770_809--0.32/demoplate_01--fsk_770_809--0.32--W0092--P001--T0002--C00.tif
C:\FIS\demo_dataset\01-images_exported\demoplate_01/demoplate_01_s57t4.tif|C:\FIS\demo_dataset\03-images_renamed/demoplate_01/W0092--fsk_770_809--0.32/P001--fsk_770_809--0.32/demoplate_01--fsk_770_809--0.32--W0092--P001--T0003--C00.tif
C:\FIS\demo_dataset\01-images_exported\demoplate_01/demoplate_01_s57t5.tif|C:\FIS\demo_dataset\03-images_renamed/demoplate_01/W0092--fsk_770_809--0.32/P001--fsk_770_809--0.32/demoplate_01--fsk_770_809--0.32--W0092--P001--T0004--C00.tif
C:\FIS\demo_dataset\01-images_exported\demoplate_01/demoplate_01_s57t6.tif|C:\FIS\demo_dataset\03-images_renamed/demoplate_01/W0092--fsk_770_809--0.32/P001--fsk_770_809--0.32/demoplate_01--fsk_770_809--0.32--W0092--P001--T0005--C00.tif
C:\FIS\demo_dataset\01-images_exported\demoplate_01/demoplate_01_s57t7.tif|C:\FIS\demo_dataset\03-images_renamed/demoplate_01/W0092--fsk_770_809--0.32/P001--fsk_770_809--0.32/demoplate_01--fsk_770_809--0.32--W0092--P001--T0006--C00.tif
C:\FIS\demo_dataset\01-images_exported\demoplate_01/demoplate_01_s58t1.tif|C:\FIS\demo_dataset\03-images_renamed/demoplate_01/W0080--fsk_770_809--0.32/P001--fsk_770_809--0.32/demoplate_01--fsk_770_809--0.32--W0080--P001--T0000--C00.tif
C:\FIS\demo_dataset\01-images_exported\demoplate_01/demoplate_01_s58t2.tif|C:\FIS\demo_dataset\03-images_renamed/demoplate_01/W0080--fsk_770_809--0.32/P001--fsk_770_809--0.32/demoplate_01--fsk_770_809--0.32--W0080--P001--T0001--C00.tif
C:\FIS\demo_dataset\01-images_exported\demoplate_01/demoplate_01_s58t3.tif|C:\FIS\demo_dataset\03-images_renamed/demoplate_01/W0080--fsk_770_809--0.32/P001--fsk_770_809--0.32/demoplate_01--fsk_770_809--0.32--W0080--P001--T0002--C00.tif
C:\FIS\demo_dataset\01-images_exported\demoplate_01/demoplate_01_s58t4.tif|C:\FIS\demo_dataset\03-images_renamed/demoplate_01/W0080--fsk_770_809--0.32/P001--fsk_770_809--0.32/demoplate_01--fsk_770_809--0.32--W0080--P001--T0003--C00.tif
C:\FIS\demo_dataset\01-images_exported\demoplate_01/demoplate_01_s58t5.tif|C:\FIS\demo_dataset\03-images_renamed/demoplate_01/W0080--fsk_770_809--0.32/P001--fsk_770_809--0.32/demoplate_01--fsk_770_809--0.32--W0080--P001--T0004--C00.tif
C:\FIS\demo_dataset\01-images_exported\demoplate_01/demoplate_01_s58t6.tif|C:\FIS\demo_dataset\03-images_renamed/demoplate_01/W0080--fsk_770_809--0.32/P001--fsk_770_809--0.32/demoplate_01--fsk_770_809--0.32--W0080--P001--T0005--C00.tif
C:\FIS\demo_dataset\01-images_exported\demoplate_01/demoplate_01_s58t7.tif|C:\FIS\demo_dataset\03-images_renamed/demoplate_01/W0080--fsk_770_809--0.32/P001--fsk_770_809--0.32/demoplate_01--fsk_770_809--0.32--W0080--P001--T0006--C00.tif
C:\FIS\demo_dataset\01-images_exported\demoplate_01/demoplate_01_s59t1.tif|C:\FIS\demo_dataset\03-images_renamed/demoplate_01/W0068--fsk_770_809--0.8/P001--fsk_770_809--0.8/demoplate_01--fsk_770_809--0.8--W0068--P001--T0000--C00.tif
C:\FIS\demo_dataset\01-images_exported\demoplate_01/demoplate_01_s59t2.tif|C:\FIS\demo_dataset\03-images_renamed/demoplate_01/W0068--fsk_770_809--0.8/P001--fsk_770_809--0.8/demoplate_01--fsk_770_809--0.8--W0068--P001--T0001--C00.tif
C:\FIS\demo_dataset\01-images_exported\demoplate_01/demoplate_01_s59t3.tif|C:\FIS\demo_dataset\03-images_renamed/demoplate_01/W0068--fsk_770_809--0.8/P001--fsk_770_809--0.8/demoplate_01--fsk_770_809--0.8--W0068--P001--T0002--C00.tif
C:\FIS\demo_dataset\01-images_exported\demoplate_01/demoplate_01_s59t4.tif|C:\FIS\demo_dataset\03-images_renamed/demoplate_01/W0068--fsk_770_809--0.8/P001--fsk_770_809--0.8/demoplate_01--fsk_770_809--0.8--W0068--P001--T0003--C00.tif
C:\FIS\demo_dataset\01-images_exported\demoplate_01/demoplate_01_s59t5.tif|C:\FIS\demo_dataset\03-images_renamed/demoplate_01/W0068--fsk_770_809--0.8/P001--fsk_770_809--0.8/demoplate_01--fsk_770_809--0.8--W0068--P001--T0004--C00.tif
C:\FIS\demo_dataset\01-images_exported\demoplate_01/demoplate_01_s59t6.tif|C:\FIS\demo_dataset\03-images_renamed/demoplate_01/W0068--fsk_770_809--0.8/P001--fsk_770_809--0.8/demoplate_01--fsk_770_809--0.8--W0068--P001--T0005--C00.tif
C:\FIS\demo_dataset\01-images_exported\demoplate_01/demoplate_01_s59t7.tif|C:\FIS\demo_dataset\03-images_renamed/demoplate_01/W0068--fsk_770_809--0.8/P001--fsk_770_809--0.8/demoplate_01--fsk_770_809--0.8--W0068--P001--T0006--C00.tif
C:\FIS\demo_dataset\01-images_exported\demoplate_01/demoplate_01_s60t1.tif|C:\FIS\demo_dataset\03-images_renamed/demoplate_01/W0056--fsk_770_809--0.8/P001--fsk_770_809--0.8/demoplate_01--fsk_770_809--0.8--W0056--P001--T0000--C00.tif
C:\FIS\demo_dataset\01-images_exported\demoplate_01/demoplate_01_s60t2.tif|C:\FIS\demo_dataset\03-images_renamed/demoplate_01/W0056--fsk_770_809--0.8/P001--fsk_770_809--0.8/demoplate_01--fsk_770_809--0.8--W0056--P001--T0001--C00.tif
C:\FIS\demo_dataset\01-images_exported\demoplate_01/demoplate_01_s60t3.tif|C:\FIS\demo_dataset\03-images_renamed/demoplate_01/W0056--fsk_770_809--0.8/P001--fsk_770_809--0.8/demoplate_01--fsk_770_809--0.8--W0056--P001--T0002--C00.tif
C:\FIS\demo_dataset\01-images_exported\demoplate_01/demoplate_01_s60t4.tif|C:\FIS\demo_dataset\03-images_renamed/demoplate_01/W0056--fsk_770_809--0.8/P001--fsk_770_809--0.8/demoplate_01--fsk_770_809--0.8--W0056--P001--T0003--C00.tif
C:\FIS\demo_dataset\01-images_exported\demoplate_01/demoplate_01_s60t5.tif|C:\FIS\demo_dataset\03-images_renamed/demoplate_01/W0056--fsk_770_809--0.8/P001--fsk_770_809--0.8/demoplate_01--fsk_770_809--0.8--W0056--P001--T0004--C00.tif
C:\FIS\demo_dataset\01-images_exported\demoplate_01/demoplate_01_s60t6.tif|C:\FIS\demo_dataset\03-images_renamed/demoplate_01/W0056--fsk_770_809--0.8/P001--fsk_770_809--0.8/demoplate_01--fsk_770_809--0.8--W0056--P001--T0005--C00.tif
C:\FIS\demo_dataset\01-images_exported\demoplate_01/demoplate_01_s60t7.tif|C:\FIS\demo_dataset\03-images_renamed/demoplate_01/W0056--fsk_770_809--0.8/P001--fsk_770_809--0.8/demoplate_01--fsk_770_809--0.8--W0056--P001--T0006--C00.tif
C:\FIS\demo_dataset\01-images_exported\demoplate_01/demoplate_01_s61t1.tif|C:\FIS\demo_dataset\03-images_renamed/demoplate_01/W0044--fsk_770_809--2/P001--fsk_770_809--2/demoplate_01--fsk_770_809--2--W0044--P001--T0000--C00.tif
C:\FIS\demo_dataset\01-images_exported\demoplate_01/demoplate_01_s61t2.tif|C:\FIS\demo_dataset\03-images_renamed/demoplate_01/W0044--fsk_770_809--2/P001--fsk_770_809--2/demoplate_01--fsk_770_809--2--W0044--P001--T0001--C00.tif
C:\FIS\demo_dataset\01-images_exported\demoplate_01/demoplate_01_s61t3.tif|C:\FIS\demo_dataset\03-images_renamed/demoplate_01/W0044--fsk_770_809--2/P001--fsk_770_809--2/demoplate_01--fsk_770_809--2--W0044--P001--T0002--C00.tif
C:\FIS\demo_dataset\01-images_exported\demoplate_01/demoplate_01_s61t4.tif|C:\FIS\demo_dataset\03-images_renamed/demoplate_01/W0044--fsk_770_809--2/P001--fsk_770_809--2/demoplate_01--fsk_770_809--2--W0044--P001--T0003--C00.tif
C:\FIS\demo_dataset\01-images_exported\demoplate_01/demoplate_01_s61t5.tif|C:\FIS\demo_dataset\03-images_renamed/demoplate_01/W0044--fsk_770_809--2/P001--fsk_770_809--2/demoplate_01--fsk_770_809--2--W0044--P001--T0004--C00.tif
C:\FIS\demo_dataset\01-images_exported\demoplate_01/demoplate_01_s61t6.tif|C:\FIS\demo_dataset\03-images_renamed/demoplate_01/W0044--fsk_770_809--2/P001--fsk_770_809--2/demoplate_01--fsk_770_809--2--W0044--P001--T0005--C00.tif
C:\FIS\demo_dataset\01-images_exported\demoplate_01/demoplate_01_s61t7.tif|C:\FIS\demo_dataset\03-images_renamed/demoplate_01/W0044--fsk_770_809--2/P001--fsk_770_809--2/demoplate_01--fsk_770_809--2--W0044--P001--T0006--C00.tif
C:\FIS\demo_dataset\01-images_exported\demoplate_01/demoplate_01_s62t1.tif|C:\FIS\demo_dataset\03-images_renamed/demoplate_01/W0032--fsk_770_809--2/P001--fsk_770_809--2/demoplate_01--fsk_770_809--2--W0032--P001--T0000--C00.tif
C:\FIS\demo_dataset\01-images_exported\demoplate_01/demoplate_01_s62t2.tif|C:\FIS\demo_dataset\03-images_renamed/demoplate_01/W0032--fsk_770_809--2/P001--fsk_770_809--2/demoplate_01--fsk_770_809--2--W0032--P001--T0001--C00.tif
C:\FIS\demo_dataset\01-images_exported\demoplate_01/demoplate_01_s62t3.tif|C:\FIS\demo_dataset\03-images_renamed/demoplate_01/W0032--fsk_770_809--2/P001--fsk_770_809--2/demoplate_01--fsk_770_809--2--W0032--P001--T0002--C00.tif
C:\FIS\demo_dataset\01-images_exported\demoplate_01/demoplate_01_s62t4.tif|C:\FIS\demo_dataset\03-images_renamed/demoplate_01/W0032--fsk_770_809--2/P001--fsk_770_809--2/demoplate_01--fsk_770_809--2--W0032--P001--T0003--C00.tif
C:\FIS\demo_dataset\01-images_exported\demoplate_01/demoplate_01_s62t5.tif|C:\FIS\demo_dataset\03-images_renamed/demoplate_01/W0032--fsk_770_809--2/P001--fsk_770_809--2/demoplate_01--fsk_770_809--2--W0032--P001--T0004--C00.tif
C:\FIS\demo_dataset\01-images_exported\demoplate_01/demoplate_01_s62t6.tif|C:\FIS\demo_dataset\03-images_renamed/demoplate_01/W0032--fsk_770_809--2/P001--fsk_770_809--2/demoplate_01--fsk_770_809--2--W0032--P001--T0005--C00.tif
C:\FIS\demo_dataset\01-images_exported\demoplate_01/demoplate_01_s62t7.tif|C:\FIS\demo_dataset\03-images_renamed/demoplate_01/W0032--fsk_770_809--2/P001--fsk_770_809--2/demoplate_01--fsk_770_809--2--W0032--P001--T0006--C00.tif
C:\FIS\demo_dataset\01-images_exported\demoplate_01/demoplate_01_s63t1.tif|C:\FIS\demo_dataset\03-images_renamed/demoplate_01/W0020--fsk_770_809--5/P001--fsk_770_809--5/demoplate_01--fsk_770_809--5--W0020--P001--T0000--C00.tif
C:\FIS\demo_dataset\01-images_exported\demoplate_01/demoplate_01_s63t2.tif|C:\FIS\demo_dataset\03-images_renamed/demoplate_01/W0020--fsk_770_809--5/P001--fsk_770_809--5/demoplate_01--fsk_770_809--5--W0020--P001--T0001--C00.tif
C:\FIS\demo_dataset\01-images_exported\demoplate_01/demoplate_01_s63t3.tif|C:\FIS\demo_dataset\03-images_renamed/demoplate_01/W0020--fsk_770_809--5/P001--fsk_770_809--5/demoplate_01--fsk_770_809--5--W0020--P001--T0002--C00.tif
C:\FIS\demo_dataset\01-images_exported\demoplate_01/demoplate_01_s63t4.tif|C:\FIS\demo_dataset\03-images_renamed/demoplate_01/W0020--fsk_770_809--5/P001--fsk_770_809--5/demoplate_01--fsk_770_809--5--W0020--P001--T0003--C00.tif
C:\FIS\demo_dataset\01-images_exported\demoplate_01/demoplate_01_s63t5.tif|C:\FIS\demo_dataset\03-images_renamed/demoplate_01/W0020--fsk_770_809--5/P001--fsk_770_809--5/demoplate_01--fsk_770_809--5--W0020--P001--T0004--C00.tif
C:\FIS\demo_dataset\01-images_exported\demoplate_01/demoplate_01_s63t6.tif|C:\FIS\demo_dataset\03-images_renamed/demoplate_01/W0020--fsk_770_809--5/P001--fsk_770_809--5/demoplate_01--fsk_770_809--5--W0020--P001--T0005--C00.tif
C:\FIS\demo_dataset\01-images_exported\demoplate_01/demoplate_01_s63t7.tif|C:\FIS\demo_dataset\03-images_renamed/demoplate_01/W0020--fsk_770_809--5/P001--fsk_770_809--5/demoplate_01--fsk_770_809--5--W0020--P001--T0006--C00.tif
C:\FIS\demo_dataset\01-images_exported\demoplate_01/demoplate_01_s64t1.tif|C:\FIS\demo_dataset\03-images_renamed/demoplate_01/W0008--fsk_770_809--5/P001--fsk_770_809--5/demoplate_01--fsk_770_809--5--W0008--P001--T0000--C00.tif
C:\FIS\demo_dataset\01-images_exported\demoplate_01/demoplate_01_s64t2.tif|C:\FIS\demo_dataset\03-images_renamed/demoplate_01/W0008--fsk_770_809--5/P001--fsk_770_809--5/demoplate_01--fsk_770_809--5--W0008--P001--T0001--C00.tif
C:\FIS\demo_dataset\01-images_exported\demoplate_01/demoplate_01_s64t3.tif|C:\FIS\demo_dataset\03-images_renamed/demoplate_01/W0008--fsk_770_809--5/P001--fsk_770_809--5/demoplate_01--fsk_770_809--5--W0008--P001--T0002--C00.tif
C:\FIS\demo_dataset\01-images_exported\demoplate_01/demoplate_01_s64t4.tif|C:\FIS\demo_dataset\03-images_renamed/demoplate_01/W0008--fsk_770_809--5/P001--fsk_770_809--5/demoplate_01--fsk_770_809--5--W0008--P001--T0003--C00.tif
C:\FIS\demo_dataset\01-images_exported\demoplate_01/demoplate_01_s64t5.tif|C:\FIS\demo_dataset\03-images_renamed/demoplate_01/W0008--fsk_770_809--5/P001--fsk_770_809--5/demoplate_01--fsk_770_809--5--W0008--P001--T0004--C00.tif
C:\FIS\demo_dataset\01-images_exported\demoplate_01/demoplate_01_s64t6.tif|C:\FIS\demo_dataset\03-images_renamed/demoplate_01/W0008--fsk_770_809--5/P001--fsk_770_809--5/demoplate_01--fsk_770_809--5--W0008--P001--T0005--C00.tif
C:\FIS\demo_dataset\01-images_exported\demoplate_01/demoplate_01_s64t7.tif|C:\FIS\demo_dataset\03-images_renamed/demoplate_01/W0008--fsk_770_809--5/P001--fsk_770_809--5/demoplate_01--fsk_770_809--5--W0008--P001--T0006--C00.tif
